[0.012s][info][gc] Using G1
[0.018s][info][stringdedup,init] String Deduplication is enabled
[0.028s][debug][stringdedup,phases,start] Idle start
[0.028s][debug][stringdedup,phases      ] Idle end: 0.006ms
[0.028s][debug][stringdedup,phases,start] Concurrent start
[0.028s][debug][stringdedup,phases,start] Process start
[0.028s][debug][stringdedup,phases      ] Process end: 0.054ms
[0.028s][debug][stringdedup,phases      ] Concurrent end: 0.081ms
[0.028s][info ][stringdedup             ] Concurrent String Deduplication 147/4928.0B (new), 0/0.0B (deduped), avg 0.0%, 0.054ms of 0.081ms
[0.028s][debug][stringdedup             ]   Last Process: 1/0.054ms, Idle: 1/0.006ms, Blocked: 0/0.000ms
[0.028s][debug][stringdedup             ]     Inspected:             147
[0.028s][debug][stringdedup             ]       Known:                 0(  0.0%)
[0.028s][debug][stringdedup             ]       Shared:                0(  0.0%)
[0.028s][debug][stringdedup             ]       New:                 147(100.0%)  4928.0B
[0.028s][debug][stringdedup             ]       Replaced:              0(  0.0%)
[0.028s][debug][stringdedup             ]       Deleted:               0(  0.0%)
[0.028s][debug][stringdedup             ]     Deduplicated:            0(  0.0%)     0.0B(  0.0%)
[0.028s][debug][stringdedup             ]     Skipped: 0 (dead), 0 (incomplete), 0 (shared)
[0.028s][debug][stringdedup             ]   Total Process: 1/0.054ms, Idle: 1/0.006ms, Blocked: 0/0.000ms
[0.028s][debug][stringdedup             ]     Inspected:             147
[0.028s][debug][stringdedup             ]       Known:                 0(  0.0%)
[0.028s][debug][stringdedup             ]       Shared:                0(  0.0%)
[0.028s][debug][stringdedup             ]       New:                 147(100.0%)  4928.0B
[0.028s][debug][stringdedup             ]       Replaced:              0(  0.0%)
[0.028s][debug][stringdedup             ]       Deleted:               0(  0.0%)
[0.028s][debug][stringdedup             ]     Deduplicated:            0(  0.0%)     0.0B(  0.0%)
[0.028s][debug][stringdedup             ]     Skipped: 0 (dead), 0 (incomplete), 0 (shared)
[0.028s][debug][stringdedup             ] Table: 147 values in 503 buckets, 0 dead (0)
[0.028s][debug][stringdedup,phases,start] Idle start
[0.542s][info ][gc                      ] GC(0) Pause Young (Normal) (G1 Evacuation Pause) 24M->6M(512M) 2.851ms
[0.542s][debug][stringdedup,phases      ] Idle end: 514.192ms
[0.542s][debug][stringdedup,phases,start] Concurrent start
[0.542s][debug][stringdedup,phases,start] Process start
[0.545s][debug][stringdedup,phases      ] Process paused
[0.545s][debug][stringdedup,phases,start] Resize Table: 503 -> 1009 (7043)
[0.545s][debug][stringdedup,phases      ] Resize Table end: 0.657ms
[0.545s][debug][stringdedup,phases      ] Process resume
[0.546s][debug][stringdedup,phases      ] Process end: 3.076ms
[0.546s][debug][stringdedup,phases      ] Concurrent end: 3.832ms
[0.546s][info ][stringdedup             ] Concurrent String Deduplication 8488/392.2K (new), 1672/47616.0B (deduped), avg 11.7%, 3.076ms of 3.832ms
[0.546s][debug][stringdedup             ]   Last Process: 1/3.076ms, Idle: 1/514.192ms, Blocked: 0/0.000ms
[0.546s][debug][stringdedup             ]   Last Resize Table: 1/0.657ms
[0.546s][debug][stringdedup             ]     Inspected:           13139
[0.546s][debug][stringdedup             ]       Known:              4651( 35.4%)
[0.546s][debug][stringdedup             ]       Shared:                0(  0.0%)
[0.546s][debug][stringdedup             ]       New:                8488( 64.6%)   392.2K
[0.546s][debug][stringdedup             ]       Replaced:              0(  0.0%)
[0.546s][debug][stringdedup             ]       Deleted:               0(  0.0%)
[0.546s][debug][stringdedup             ]     Deduplicated:         1672( 12.7%) 47616.0B( 11.9%)
[0.546s][debug][stringdedup             ]     Skipped: 19 (dead), 0 (incomplete), 0 (shared)
[0.546s][debug][stringdedup             ]   Total Process: 2/3.130ms, Idle: 2/514.198ms, Blocked: 0/0.000ms
[0.546s][debug][stringdedup             ]   Total Resize Table: 1/0.657ms
[0.546s][debug][stringdedup             ]     Inspected:           13286
[0.546s][debug][stringdedup             ]       Known:              4651( 35.0%)
[0.546s][debug][stringdedup             ]       Shared:                0(  0.0%)
[0.546s][debug][stringdedup             ]       New:                8635( 65.0%)   397.0K
[0.546s][debug][stringdedup             ]       Replaced:              0(  0.0%)
[0.546s][debug][stringdedup             ]       Deleted:               0(  0.0%)
[0.546s][debug][stringdedup             ]     Deduplicated:         1672( 12.6%) 47616.0B( 11.7%)
[0.546s][debug][stringdedup             ]     Skipped: 19 (dead), 0 (incomplete), 0 (shared)
[0.546s][debug][stringdedup             ] Table: 8635 values in 1009 buckets, 0 dead (2)
[0.546s][debug][stringdedup,phases,start] Idle start
[0.546s][debug][stringdedup,phases      ] Idle end: 0.005ms
[0.546s][debug][stringdedup,phases,start] Concurrent start
[0.546s][debug][stringdedup,phases,start] Process start
[0.546s][debug][stringdedup,phases      ] Process end: 0.029ms
[0.546s][debug][stringdedup,phases      ] Concurrent end: 0.046ms
[0.546s][info ][stringdedup             ] Concurrent String Deduplication 93/4032.0B (new), 0/0.0B (deduped), avg 11.6%, 0.029ms of 0.046ms
[0.546s][debug][stringdedup             ]   Last Process: 1/0.029ms, Idle: 1/0.005ms, Blocked: 0/0.000ms
[0.546s][debug][stringdedup             ]     Inspected:              93
[0.546s][debug][stringdedup             ]       Known:                 0(  0.0%)
[0.546s][debug][stringdedup             ]       Shared:                0(  0.0%)
[0.546s][debug][stringdedup             ]       New:                  93(100.0%)  4032.0B
[0.547s][debug][stringdedup             ]       Replaced:              0(  0.0%)
[0.547s][debug][stringdedup             ]       Deleted:               0(  0.0%)
[0.547s][debug][stringdedup             ]     Deduplicated:            0(  0.0%)     0.0B(  0.0%)
[0.547s][debug][stringdedup             ]     Skipped: 0 (dead), 0 (incomplete), 0 (shared)
[0.547s][debug][stringdedup             ]   Total Process: 3/3.160ms, Idle: 3/514.203ms, Blocked: 0/0.000ms
[0.547s][debug][stringdedup             ]   Total Resize Table: 1/0.657ms
[0.547s][debug][stringdedup             ]     Inspected:           13379
[0.547s][debug][stringdedup             ]       Known:              4651( 34.8%)
[0.547s][debug][stringdedup             ]       Shared:                0(  0.0%)
[0.547s][debug][stringdedup             ]       New:                8728( 65.2%)   400.9K
[0.547s][debug][stringdedup             ]       Replaced:              0(  0.0%)
[0.547s][debug][stringdedup             ]       Deleted:               0(  0.0%)
[0.547s][debug][stringdedup             ]     Deduplicated:         1672( 12.5%) 47616.0B( 11.6%)
[0.547s][debug][stringdedup             ]     Skipped: 19 (dead), 0 (incomplete), 0 (shared)
[0.547s][debug][stringdedup             ] Table: 8728 values in 1009 buckets, 0 dead (2)
[0.547s][debug][stringdedup,phases,start] Idle start
[0.731s][info ][gc                      ] GC(1) Pause Young (Normal) (G1 Evacuation Pause) 26M->7M(512M) 2.099ms
[1.213s][info ][gc                      ] GC(2) Pause Young (Normal) (G1 Evacuation Pause) 51M->11M(512M) 3.292ms
[1.213s][debug][stringdedup,phases      ] Idle end: 666.668ms
[1.213s][debug][stringdedup,phases,start] Concurrent start
[1.213s][debug][stringdedup,phases,start] Process start
[1.215s][debug][stringdedup,phases      ] Process end: 1.471ms
[1.215s][debug][stringdedup,phases      ] Concurrent end: 1.509ms
[1.215s][info ][stringdedup             ] Concurrent String Deduplication 2657/197.3K (new), 1976/108.8K (deduped), avg 26.0%, 1.471ms of 1.509ms
[1.215s][debug][stringdedup             ]   Last Process: 1/1.471ms, Idle: 1/666.668ms, Blocked: 0/0.000ms
[1.215s][debug][stringdedup             ]     Inspected:            8380
[1.215s][debug][stringdedup             ]       Known:              5723( 68.3%)
[1.215s][debug][stringdedup             ]       Shared:                0(  0.0%)
[1.215s][debug][stringdedup             ]       New:                2657( 31.7%)   197.3K
[1.215s][debug][stringdedup             ]       Replaced:             26(  1.0%)
[1.215s][debug][stringdedup             ]       Deleted:               0(  0.0%)
[1.215s][debug][stringdedup             ]     Deduplicated:         1976( 23.6%)   108.8K( 55.1%)
[1.215s][debug][stringdedup             ]     Skipped: 8 (dead), 0 (incomplete), 0 (shared)
[1.215s][debug][stringdedup             ]   Total Process: 4/4.631ms, Idle: 4/1180.871ms, Blocked: 0/0.000ms
[1.215s][debug][stringdedup             ]   Total Resize Table: 1/0.657ms
[1.215s][debug][stringdedup             ]     Inspected:           21759
[1.215s][debug][stringdedup             ]       Known:             10374( 47.7%)
[1.215s][debug][stringdedup             ]       Shared:                0(  0.0%)
[1.215s][debug][stringdedup             ]       New:               11385( 52.3%)   598.3K
[1.215s][debug][stringdedup             ]       Replaced:             26(  0.2%)
[1.215s][debug][stringdedup             ]       Deleted:               0(  0.0%)
[1.215s][debug][stringdedup             ]     Deduplicated:         3648( 16.8%)   155.2K( 26.0%)
[1.215s][debug][stringdedup             ]     Skipped: 27 (dead), 0 (incomplete), 0 (shared)
[1.215s][debug][stringdedup             ] Table: 11385 values in 1009 buckets, 7 dead (0)
[1.215s][debug][stringdedup,phases,start] Idle start
[1.215s][debug][stringdedup,phases      ] Idle end: 0.003ms
[1.215s][debug][stringdedup,phases,start] Concurrent start
[1.215s][debug][stringdedup,phases,start] Process start
[1.216s][debug][stringdedup,phases      ] Process paused
[1.216s][debug][stringdedup,phases,start] Resize Table: 1009 -> 3001 (14127)
[1.217s][debug][stringdedup,phases      ] Resize Table end: 1.094ms
[1.217s][debug][stringdedup,phases      ] Process resume
[1.217s][debug][stringdedup,phases      ] Process end: 1.093ms
[1.217s][debug][stringdedup,phases      ] Concurrent end: 2.266ms
[1.217s][info ][stringdedup             ] Concurrent String Deduplication 3791/199.1K (new), 0/0.0B (deduped), avg 19.5%, 1.093ms of 2.266ms
[1.217s][debug][stringdedup             ]   Last Process: 1/1.093ms, Idle: 1/0.003ms, Blocked: 0/0.000ms
[1.217s][debug][stringdedup             ]   Last Resize Table: 1/1.094ms
[1.217s][debug][stringdedup             ]     Inspected:            4392
[1.217s][debug][stringdedup             ]       Known:               601( 13.7%)
[1.217s][debug][stringdedup             ]       Shared:                0(  0.0%)
[1.217s][debug][stringdedup             ]       New:                3791( 86.3%)   199.1K
[1.217s][debug][stringdedup             ]       Replaced:            601( 15.9%)
[1.217s][debug][stringdedup             ]       Deleted:               7(  0.2%)
[1.217s][debug][stringdedup             ]     Deduplicated:            0(  0.0%)     0.0B(  0.0%)
[1.217s][debug][stringdedup             ]     Skipped: 9 (dead), 0 (incomplete), 0 (shared)
[1.217s][debug][stringdedup             ]   Total Process: 5/5.723ms, Idle: 5/1180.874ms, Blocked: 0/0.000ms
[1.217s][debug][stringdedup             ]   Total Resize Table: 2/1.751ms
[1.217s][debug][stringdedup             ]     Inspected:           26151
[1.217s][debug][stringdedup             ]       Known:             10975( 42.0%)
[1.217s][debug][stringdedup             ]       Shared:                0(  0.0%)
[1.217s][debug][stringdedup             ]       New:               15176( 58.0%)   797.4K
[1.217s][debug][stringdedup             ]       Replaced:            627(  4.1%)
[1.217s][debug][stringdedup             ]       Deleted:               7(  0.0%)
[1.217s][debug][stringdedup             ]     Deduplicated:         3648( 13.9%)   155.2K( 19.5%)
[1.217s][debug][stringdedup             ]     Skipped: 36 (dead), 0 (incomplete), 0 (shared)
[1.217s][debug][stringdedup             ] Table: 15169 values in 3001 buckets, 0 dead (2)
[1.217s][debug][stringdedup,phases,start] Idle start
[1.217s][debug][stringdedup,phases      ] Idle end: 0.003ms
[1.217s][debug][stringdedup,phases,start] Concurrent start
[1.217s][debug][stringdedup,phases,start] Process start
[1.217s][debug][stringdedup,phases      ] Process end: 0.005ms
[1.217s][debug][stringdedup,phases      ] Concurrent end: 0.015ms
[1.217s][info ][stringdedup             ] Concurrent String Deduplication 2/80.0B (new), 0/0.0B (deduped), avg 19.5%, 0.005ms of 0.015ms
[1.217s][debug][stringdedup             ]   Last Process: 1/0.005ms, Idle: 1/0.003ms, Blocked: 0/0.000ms
[1.217s][debug][stringdedup             ]     Inspected:               4
[1.217s][debug][stringdedup             ]       Known:                 2( 50.0%)
[1.217s][debug][stringdedup             ]       Shared:                0(  0.0%)
[1.218s][debug][stringdedup             ]       New:                   2( 50.0%)    80.0B
[1.218s][debug][stringdedup             ]       Replaced:              2(100.0%)
[1.218s][debug][stringdedup             ]       Deleted:               0(  0.0%)
[1.218s][debug][stringdedup             ]     Deduplicated:            0(  0.0%)     0.0B(  0.0%)
[1.218s][debug][stringdedup             ]     Skipped: 0 (dead), 0 (incomplete), 0 (shared)
[1.218s][debug][stringdedup             ]   Total Process: 6/5.728ms, Idle: 6/1180.877ms, Blocked: 0/0.000ms
[1.218s][debug][stringdedup             ]   Total Resize Table: 2/1.751ms
[1.218s][debug][stringdedup             ]     Inspected:           26155
[1.218s][debug][stringdedup             ]       Known:             10977( 42.0%)
[1.218s][debug][stringdedup             ]       Shared:                0(  0.0%)
[1.218s][debug][stringdedup             ]       New:               15178( 58.0%)   797.5K
[1.218s][debug][stringdedup             ]       Replaced:            629(  4.1%)
[1.218s][debug][stringdedup             ]       Deleted:               7(  0.0%)
[1.218s][debug][stringdedup             ]     Deduplicated:         3648( 13.9%)   155.2K( 19.5%)
[1.218s][debug][stringdedup             ]     Skipped: 36 (dead), 0 (incomplete), 0 (shared)
[1.218s][debug][stringdedup             ] Table: 15171 values in 3001 buckets, 0 dead (2)
[1.218s][debug][stringdedup,phases,start] Idle start
[1.286s][info ][gc                      ] GC(3) Pause Young (Concurrent Start) (Metadata GC Threshold) 17M->11M(512M) 2.208ms
[1.286s][info ][gc                      ] GC(4) Concurrent Mark Cycle
[1.293s][info ][gc                      ] GC(4) Pause Remark 13M->13M(68M) 1.206ms
[1.293s][debug][stringdedup,phases      ] Idle end: 75.850ms
[1.293s][debug][stringdedup,phases,start] Concurrent start
[1.293s][debug][stringdedup,phases,start] Process start
[1.295s][debug][stringdedup,phases      ] Process end: 1.465ms
[1.295s][debug][stringdedup,phases      ] Concurrent end: 1.521ms
[1.295s][info ][stringdedup             ] Concurrent String Deduplication 664/51664.0B (new), 2129/134.9K (deduped), avg 34.2%, 1.465ms of 1.521ms
[1.295s][debug][stringdedup             ]   Last Process: 1/1.465ms, Idle: 1/75.850ms, Blocked: 0/0.000ms
[1.295s][debug][stringdedup             ]     Inspected:            4616
[1.295s][debug][stringdedup             ]       Known:              3952( 85.6%)
[1.295s][debug][stringdedup             ]       Shared:                0(  0.0%)
[1.295s][debug][stringdedup             ]       New:                 664( 14.4%) 51664.0B
[1.295s][debug][stringdedup             ]       Replaced:             11(  1.7%)
[1.295s][debug][stringdedup             ]       Deleted:               0(  0.0%)
[1.295s][debug][stringdedup             ]     Deduplicated:         2129( 46.1%)   134.9K(267.4%)
[1.295s][debug][stringdedup             ]     Skipped: 0 (dead), 0 (incomplete), 0 (shared)
[1.295s][debug][stringdedup             ]   Total Process: 7/7.193ms, Idle: 7/1256.727ms, Blocked: 0/0.000ms
[1.295s][debug][stringdedup             ]   Total Resize Table: 2/1.751ms
[1.295s][debug][stringdedup             ]     Inspected:           30771
[1.295s][debug][stringdedup             ]       Known:             14929( 48.5%)
[1.295s][debug][stringdedup             ]       Shared:                0(  0.0%)
[1.295s][debug][stringdedup             ]       New:               15842( 51.5%)   847.9K
[1.295s][debug][stringdedup             ]       Replaced:            640(  4.0%)
[1.295s][debug][stringdedup             ]       Deleted:               7(  0.0%)
[1.295s][debug][stringdedup             ]     Deduplicated:         5777( 18.8%)   290.2K( 34.2%)
[1.295s][debug][stringdedup             ]     Skipped: 36 (dead), 0 (incomplete), 0 (shared)
[1.295s][debug][stringdedup             ] Table: 15835 values in 3001 buckets, 8 dead (0)
[1.295s][debug][stringdedup,phases,start] Idle start
[1.295s][info ][gc                      ] GC(4) Pause Cleanup 13M->13M(68M) 0.042ms
[1.295s][debug][stringdedup,phases      ] Idle end: 0.145ms
[1.295s][debug][stringdedup,phases,start] Concurrent start
[1.295s][debug][stringdedup,phases,start] Process start
[1.295s][debug][stringdedup,phases      ] Process end: 0.036ms
[1.295s][debug][stringdedup,phases      ] Concurrent end: 0.053ms
[1.296s][info ][stringdedup             ] Concurrent String Deduplication 41/2536.0B (new), 0/0.0B (deduped), avg 34.1%, 0.036ms of 0.053ms
[1.296s][debug][stringdedup             ]   Last Process: 1/0.036ms, Idle: 1/0.145ms, Blocked: 0/0.000ms
[1.296s][debug][stringdedup             ]     Inspected:              41
[1.296s][debug][stringdedup             ]       Known:                 0(  0.0%)
[1.296s][debug][stringdedup             ]       Shared:                0(  0.0%)
[1.296s][debug][stringdedup             ]       New:                  41(100.0%)  2536.0B
[1.296s][debug][stringdedup             ]       Replaced:              0(  0.0%)
[1.296s][debug][stringdedup             ]       Deleted:               0(  0.0%)
[1.296s][debug][stringdedup             ]     Deduplicated:            0(  0.0%)     0.0B(  0.0%)
[1.296s][debug][stringdedup             ]     Skipped: 0 (dead), 0 (incomplete), 0 (shared)
[1.296s][debug][stringdedup             ]   Total Process: 8/7.228ms, Idle: 8/1256.872ms, Blocked: 0/0.000ms
[1.296s][debug][stringdedup             ]   Total Resize Table: 2/1.751ms
[1.296s][debug][stringdedup             ]     Inspected:           30812
[1.296s][debug][stringdedup             ]       Known:             14929( 48.5%)
[1.296s][debug][stringdedup             ]       Shared:                0(  0.0%)
[1.296s][debug][stringdedup             ]       New:               15883( 51.5%)   850.4K
[1.296s][debug][stringdedup             ]       Replaced:            640(  4.0%)
[1.296s][debug][stringdedup             ]       Deleted:               7(  0.0%)
[1.296s][debug][stringdedup             ]     Deduplicated:         5777( 18.7%)   290.2K( 34.1%)
[1.296s][debug][stringdedup             ]     Skipped: 36 (dead), 0 (incomplete), 0 (shared)
[1.296s][debug][stringdedup             ] Table: 15876 values in 3001 buckets, 8 dead (0)
[1.296s][debug][stringdedup,phases,start] Idle start
[1.296s][debug][stringdedup,phases      ] Idle end: 0.002ms
[1.296s][debug][stringdedup,phases,start] Concurrent start
[1.296s][debug][stringdedup,phases,start] Process start
[1.296s][debug][stringdedup,phases      ] Process end: 0.008ms
[1.296s][debug][stringdedup,phases      ] Concurrent end: 0.023ms
[1.296s][info ][stringdedup             ] Concurrent String Deduplication 6/232.0B (new), 0/0.0B (deduped), avg 34.1%, 0.008ms of 0.023ms
[1.296s][debug][stringdedup             ]   Last Process: 1/0.008ms, Idle: 1/0.002ms, Blocked: 0/0.000ms
[1.296s][debug][stringdedup             ]     Inspected:               6
[1.296s][debug][stringdedup             ]       Known:                 0(  0.0%)
[1.296s][debug][stringdedup             ]       Shared:                0(  0.0%)
[1.296s][debug][stringdedup             ]       New:                   6(100.0%)   232.0B
[1.296s][debug][stringdedup             ]       Replaced:              0(  0.0%)
[1.296s][debug][stringdedup             ]       Deleted:               0(  0.0%)
[1.296s][info ][gc                      ] GC(4) Concurrent Mark Cycle 9.488ms
[1.296s][debug][stringdedup             ]     Deduplicated:            0(  0.0%)     0.0B(  0.0%)
[1.296s][debug][stringdedup             ]     Skipped: 0 (dead), 0 (incomplete), 0 (shared)
[1.296s][debug][stringdedup             ]   Total Process: 9/7.236ms, Idle: 9/1256.874ms, Blocked: 0/0.000ms
[1.296s][debug][stringdedup             ]   Total Resize Table: 2/1.751ms
[1.296s][debug][stringdedup             ]     Inspected:           30818
[1.296s][debug][stringdedup             ]       Known:             14929( 48.4%)
[1.296s][debug][stringdedup             ]       Shared:                0(  0.0%)
[1.296s][debug][stringdedup             ]       New:               15889( 51.6%)   850.6K
[1.296s][debug][stringdedup             ]       Replaced:            640(  4.0%)
[1.296s][debug][stringdedup             ]       Deleted:               7(  0.0%)
[1.296s][debug][stringdedup             ]     Deduplicated:         5777( 18.7%)   290.2K( 34.1%)
[1.296s][debug][stringdedup             ]     Skipped: 36 (dead), 0 (incomplete), 0 (shared)
[1.296s][debug][stringdedup             ] Table: 15882 values in 3001 buckets, 8 dead (0)
[1.296s][debug][stringdedup,phases,start] Idle start
[1.840s][info ][gc                      ] GC(5) Pause Young (Prepare Mixed) (G1 Evacuation Pause) 43M->13M(68M) 5.026ms
[1.993s][info ][gc                      ] GC(6) Pause Young (Mixed) (G1 Evacuation Pause) 17M->14M(68M) 4.443ms
[1.993s][debug][stringdedup,phases      ] Idle end: 696.608ms
[1.993s][debug][stringdedup,phases,start] Concurrent start
[1.993s][debug][stringdedup,phases,start] Process start
[1.999s][debug][stringdedup,phases      ] Process end: 6.250ms
[1.999s][debug][stringdedup,phases      ] Concurrent end: 6.303ms
[1.999s][info ][stringdedup             ] Concurrent String Deduplication 6438/478.1K (new), 8234/376.4K (deduped), avg 50.2%, 6.250ms of 6.303ms
[1.999s][debug][stringdedup             ]   Last Process: 1/6.250ms, Idle: 1/696.608ms, Blocked: 0/0.000ms
[1.999s][debug][stringdedup             ]     Inspected:           19105
[1.999s][debug][stringdedup             ]       Known:             12667( 66.3%)
[1.999s][debug][stringdedup             ]       Shared:                0(  0.0%)
[1.999s][debug][stringdedup             ]       New:                6438( 33.7%)   478.1K
[1.999s][debug][stringdedup             ]       Replaced:             42(  0.7%)
[1.999s][debug][stringdedup             ]       Deleted:               0(  0.0%)
[1.999s][debug][stringdedup             ]     Deduplicated:         8234( 43.1%)   376.4K( 78.7%)
[1.999s][debug][stringdedup             ]     Skipped: 7 (dead), 0 (incomplete), 0 (shared)
[1.999s][debug][stringdedup             ]   Total Process: 10/13.486ms, Idle: 10/1953.482ms, Blocked: 0/0.000ms
[1.999s][debug][stringdedup             ]   Total Resize Table: 2/1.751ms
[1.999s][debug][stringdedup             ]     Inspected:           49923
[1.999s][debug][stringdedup             ]       Known:             27596( 55.3%)
[1.999s][debug][stringdedup             ]       Shared:                0(  0.0%)
[1.999s][debug][stringdedup             ]       New:               22327( 44.7%)  1328.7K
[1.999s][debug][stringdedup             ]       Replaced:            682(  3.1%)
[1.999s][debug][stringdedup             ]       Deleted:               7(  0.0%)
[1.999s][debug][stringdedup             ]     Deduplicated:        14011( 28.1%)   666.6K( 50.2%)
[1.999s][debug][stringdedup             ]     Skipped: 43 (dead), 0 (incomplete), 0 (shared)
[1.999s][debug][stringdedup             ] Table: 22320 values in 3001 buckets, 11 dead (0)
[1.999s][debug][stringdedup,phases,start] Idle start
[1.999s][debug][stringdedup,phases      ] Idle end: 0.004ms
[1.999s][debug][stringdedup,phases,start] Concurrent start
[1.999s][debug][stringdedup,phases,start] Process start
[2.002s][debug][stringdedup,phases      ] Process end: 2.447ms
[2.002s][debug][stringdedup,phases      ] Concurrent end: 2.494ms
[2.002s][info ][stringdedup             ] Concurrent String Deduplication 1709/144.3K (new), 2049/139.1K (deduped), avg 54.7%, 2.447ms of 2.494ms
[2.002s][debug][stringdedup             ]   Last Process: 1/2.447ms, Idle: 1/0.004ms, Blocked: 0/0.000ms
[2.002s][debug][stringdedup             ]     Inspected:            7174
[2.002s][debug][stringdedup             ]       Known:              5465( 76.2%)
[2.002s][debug][stringdedup             ]       Shared:                0(  0.0%)
[2.002s][debug][stringdedup             ]       New:                1709( 23.8%)   144.3K
[2.002s][debug][stringdedup             ]       Replaced:              8(  0.5%)
[2.002s][debug][stringdedup             ]       Deleted:               0(  0.0%)
[2.002s][debug][stringdedup             ]     Deduplicated:         2049( 28.6%)   139.1K( 96.4%)
[2.002s][debug][stringdedup             ]     Skipped: 4 (dead), 0 (incomplete), 0 (shared)
[2.002s][debug][stringdedup             ]   Total Process: 11/15.934ms, Idle: 11/1953.486ms, Blocked: 0/0.000ms
[2.002s][debug][stringdedup             ]   Total Resize Table: 2/1.751ms
[2.002s][debug][stringdedup             ]     Inspected:           57097
[2.002s][debug][stringdedup             ]       Known:             33061( 57.9%)
[2.002s][debug][stringdedup             ]       Shared:                0(  0.0%)
[2.002s][debug][stringdedup             ]       New:               24036( 42.1%)  1473.0K
[2.002s][debug][stringdedup             ]       Replaced:            690(  2.9%)
[2.002s][debug][stringdedup             ]       Deleted:               7(  0.0%)
[2.002s][debug][stringdedup             ]     Deduplicated:        16060( 28.1%)   805.7K( 54.7%)
[2.002s][debug][stringdedup             ]     Skipped: 47 (dead), 0 (incomplete), 0 (shared)
[2.002s][debug][stringdedup             ] Table: 24029 values in 3001 buckets, 11 dead (0)
[2.002s][debug][stringdedup,phases,start] Idle start
[2.002s][debug][stringdedup,phases      ] Idle end: 0.004ms
[2.002s][debug][stringdedup,phases,start] Concurrent start
[2.002s][debug][stringdedup,phases,start] Process start
[2.002s][debug][stringdedup,phases      ] Process end: 0.012ms
[2.002s][debug][stringdedup,phases      ] Concurrent end: 0.028ms
[2.002s][info ][stringdedup             ] Concurrent String Deduplication 4/296.0B (new), 0/0.0B (deduped), avg 54.7%, 0.012ms of 0.028ms
[2.002s][debug][stringdedup             ]   Last Process: 1/0.012ms, Idle: 1/0.004ms, Blocked: 0/0.000ms
[2.002s][debug][stringdedup             ]     Inspected:               4
[2.002s][debug][stringdedup             ]       Known:                 0(  0.0%)
[2.002s][debug][stringdedup             ]       Shared:                0(  0.0%)
[2.002s][debug][stringdedup             ]       New:                   4(100.0%)   296.0B
[2.002s][debug][stringdedup             ]       Replaced:              0(  0.0%)
[2.002s][debug][stringdedup             ]       Deleted:               0(  0.0%)
[2.002s][debug][stringdedup             ]     Deduplicated:            0(  0.0%)     0.0B(  0.0%)
[2.002s][debug][stringdedup             ]     Skipped: 0 (dead), 0 (incomplete), 0 (shared)
[2.002s][debug][stringdedup             ]   Total Process: 12/15.946ms, Idle: 12/1953.490ms, Blocked: 0/0.000ms
[2.002s][debug][stringdedup             ]   Total Resize Table: 2/1.751ms
[2.002s][debug][stringdedup             ]     Inspected:           57101
[2.002s][debug][stringdedup             ]       Known:             33061( 57.9%)
[2.002s][debug][stringdedup             ]       Shared:                0(  0.0%)
[2.002s][debug][stringdedup             ]       New:               24040( 42.1%)  1473.3K
[2.002s][debug][stringdedup             ]       Replaced:            690(  2.9%)
[2.002s][debug][stringdedup             ]       Deleted:               7(  0.0%)
[2.002s][debug][stringdedup             ]     Deduplicated:        16060( 28.1%)   805.7K( 54.7%)
[2.002s][debug][stringdedup             ]     Skipped: 47 (dead), 0 (incomplete), 0 (shared)
[2.002s][debug][stringdedup             ] Table: 24033 values in 3001 buckets, 11 dead (0)
[2.002s][debug][stringdedup,phases,start] Idle start
[3.676s][info ][gc                      ] GC(7) Pause Young (Normal) (G1 Evacuation Pause) 42M->16M(68M) 2.992ms
[3.676s][debug][stringdedup,phases      ] Idle end: 1673.554ms
[3.676s][debug][stringdedup,phases,start] Concurrent start
[3.676s][debug][stringdedup,phases,start] Process start
[3.677s][debug][stringdedup,phases      ] Process end: 1.166ms
[3.677s][debug][stringdedup,phases      ] Concurrent end: 1.197ms
[3.677s][info ][stringdedup             ] Concurrent String Deduplication 4303/362.3K (new), 0/0.0B (deduped), avg 43.9%, 1.166ms of 1.197ms
[3.677s][debug][stringdedup             ]   Last Process: 1/1.166ms, Idle: 1/1673.554ms, Blocked: 0/0.000ms
[3.677s][debug][stringdedup             ]     Inspected:            4467
[3.677s][debug][stringdedup             ]       Known:               164(  3.7%)
[3.677s][debug][stringdedup             ]       Shared:                0(  0.0%)
[3.677s][debug][stringdedup             ]       New:                4303( 96.3%)   362.3K
[3.677s][debug][stringdedup             ]       Replaced:            164(  3.8%)
[3.677s][debug][stringdedup             ]       Deleted:               0(  0.0%)
[3.677s][debug][stringdedup             ]     Deduplicated:            0(  0.0%)     0.0B(  0.0%)
[3.677s][debug][stringdedup             ]     Skipped: 15 (dead), 0 (incomplete), 0 (shared)
[3.677s][debug][stringdedup             ]   Total Process: 13/17.112ms, Idle: 13/3627.044ms, Blocked: 0/0.000ms
[3.677s][debug][stringdedup             ]   Total Resize Table: 2/1.751ms
[3.677s][debug][stringdedup             ]     Inspected:           61568
[3.677s][debug][stringdedup             ]       Known:             33225( 54.0%)
[3.677s][debug][stringdedup             ]       Shared:                0(  0.0%)
[3.677s][debug][stringdedup             ]       New:               28343( 46.0%)  1835.6K
[3.677s][debug][stringdedup             ]       Replaced:            854(  3.0%)
[3.677s][debug][stringdedup             ]       Deleted:               7(  0.0%)
[3.677s][debug][stringdedup             ]     Deduplicated:        16060( 26.1%)   805.7K( 43.9%)
[3.677s][debug][stringdedup             ]     Skipped: 62 (dead), 0 (incomplete), 0 (shared)
[3.677s][debug][stringdedup             ] Table: 28336 values in 3001 buckets, 12 dead (0)
[3.677s][debug][stringdedup,phases,start] Idle start
[3.677s][debug][stringdedup,phases      ] Idle end: 0.002ms
[3.677s][debug][stringdedup,phases,start] Concurrent start
[3.677s][debug][stringdedup,phases,start] Process start
[3.677s][debug][stringdedup,phases      ] Process end: 0.006ms
[3.677s][debug][stringdedup,phases      ] Concurrent end: 0.020ms
[3.677s][info ][stringdedup             ] Concurrent String Deduplication 17/616.0B (new), 0/0.0B (deduped), avg 43.9%, 0.006ms of 0.020ms
[3.677s][debug][stringdedup             ]   Last Process: 1/0.006ms, Idle: 1/0.002ms, Blocked: 0/0.000ms
[3.677s][debug][stringdedup             ]     Inspected:              17
[3.677s][debug][stringdedup             ]       Known:                 0(  0.0%)
[3.677s][debug][stringdedup             ]       Shared:                0(  0.0%)
[3.677s][debug][stringdedup             ]       New:                  17(100.0%)   616.0B
[3.677s][debug][stringdedup             ]       Replaced:              0(  0.0%)
[3.677s][debug][stringdedup             ]       Deleted:               0(  0.0%)
[3.677s][debug][stringdedup             ]     Deduplicated:            0(  0.0%)     0.0B(  0.0%)
[3.677s][debug][stringdedup             ]     Skipped: 0 (dead), 0 (incomplete), 0 (shared)
[3.677s][debug][stringdedup             ]   Total Process: 14/17.118ms, Idle: 14/3627.046ms, Blocked: 0/0.000ms
[3.677s][debug][stringdedup             ]   Total Resize Table: 2/1.751ms
[3.677s][debug][stringdedup             ]     Inspected:           61585
[3.677s][debug][stringdedup             ]       Known:             33225( 53.9%)
[3.677s][debug][stringdedup             ]       Shared:                0(  0.0%)
[3.677s][debug][stringdedup             ]       New:               28360( 46.1%)  1836.2K
[3.677s][debug][stringdedup             ]       Replaced:            854(  3.0%)
[3.677s][debug][stringdedup             ]       Deleted:               7(  0.0%)
[3.677s][debug][stringdedup             ]     Deduplicated:        16060( 26.1%)   805.7K( 43.9%)
[3.677s][debug][stringdedup             ]     Skipped: 62 (dead), 0 (incomplete), 0 (shared)
[3.677s][debug][stringdedup             ] Table: 28353 values in 3001 buckets, 12 dead (0)
[3.677s][debug][stringdedup,phases,start] Idle start
[3.677s][debug][stringdedup,phases      ] Idle end: 0.002ms
[3.677s][debug][stringdedup,phases,start] Concurrent start
[3.677s][debug][stringdedup,phases,start] Process start
[3.677s][debug][stringdedup,phases      ] Process end: 0.015ms
[3.677s][debug][stringdedup,phases      ] Concurrent end: 0.030ms
[3.677s][info ][stringdedup             ] Concurrent String Deduplication 29/1048.0B (new), 0/0.0B (deduped), avg 43.9%, 0.015ms of 0.030ms
[3.677s][debug][stringdedup             ]   Last Process: 1/0.015ms, Idle: 1/0.002ms, Blocked: 0/0.000ms
[3.677s][debug][stringdedup             ]     Inspected:              29
[3.677s][debug][stringdedup             ]       Known:                 0(  0.0%)
[3.677s][debug][stringdedup             ]       Shared:                0(  0.0%)
[3.677s][debug][stringdedup             ]       New:                  29(100.0%)  1048.0B
[3.677s][debug][stringdedup             ]       Replaced:              0(  0.0%)
[3.677s][debug][stringdedup             ]       Deleted:               0(  0.0%)
[3.677s][debug][stringdedup             ]     Deduplicated:            0(  0.0%)     0.0B(  0.0%)
[3.677s][debug][stringdedup             ]     Skipped: 0 (dead), 0 (incomplete), 0 (shared)
[3.677s][debug][stringdedup             ]   Total Process: 15/17.133ms, Idle: 15/3627.048ms, Blocked: 0/0.000ms
[3.677s][debug][stringdedup             ]   Total Resize Table: 2/1.751ms
[3.677s][debug][stringdedup             ]     Inspected:           61614
[3.677s][debug][stringdedup             ]       Known:             33225( 53.9%)
[3.677s][debug][stringdedup             ]       Shared:                0(  0.0%)
[3.677s][debug][stringdedup             ]       New:               28389( 46.1%)  1837.2K
[3.677s][debug][stringdedup             ]       Replaced:            854(  3.0%)
[3.677s][debug][stringdedup             ]       Deleted:               7(  0.0%)
[3.677s][debug][stringdedup             ]     Deduplicated:        16060( 26.1%)   805.7K( 43.9%)
[3.677s][debug][stringdedup             ]     Skipped: 62 (dead), 0 (incomplete), 0 (shared)
[3.677s][debug][stringdedup             ] Table: 28382 values in 3001 buckets, 12 dead (0)
[3.677s][debug][stringdedup,phases,start] Idle start
[3.677s][debug][stringdedup,phases      ] Idle end: 0.001ms
[3.677s][debug][stringdedup,phases,start] Concurrent start
[3.677s][debug][stringdedup,phases,start] Process start
[3.677s][debug][stringdedup,phases      ] Process end: 0.002ms
[3.677s][debug][stringdedup,phases      ] Concurrent end: 0.017ms
[3.677s][info ][stringdedup             ] Concurrent String Deduplication 1/40.0B (new), 0/0.0B (deduped), avg 43.9%, 0.002ms of 0.017ms
[3.677s][debug][stringdedup             ]   Last Process: 1/0.002ms, Idle: 1/0.001ms, Blocked: 0/0.000ms
[3.677s][debug][stringdedup             ]     Inspected:               1
[3.677s][debug][stringdedup             ]       Known:                 0(  0.0%)
[3.677s][debug][stringdedup             ]       Shared:                0(  0.0%)
[3.677s][debug][stringdedup             ]       New:                   1(100.0%)    40.0B
[3.677s][debug][stringdedup             ]       Replaced:              0(  0.0%)
[3.678s][debug][stringdedup             ]       Deleted:               0(  0.0%)
[3.678s][debug][stringdedup             ]     Deduplicated:            0(  0.0%)     0.0B(  0.0%)
[3.678s][debug][stringdedup             ]     Skipped: 0 (dead), 0 (incomplete), 0 (shared)
[3.678s][debug][stringdedup             ]   Total Process: 16/17.135ms, Idle: 16/3627.049ms, Blocked: 0/0.000ms
[3.678s][debug][stringdedup             ]   Total Resize Table: 2/1.751ms
[3.678s][debug][stringdedup             ]     Inspected:           61615
[3.678s][debug][stringdedup             ]       Known:             33225( 53.9%)
[3.678s][debug][stringdedup             ]       Shared:                0(  0.0%)
[3.678s][debug][stringdedup             ]       New:               28390( 46.1%)  1837.3K
[3.678s][debug][stringdedup             ]       Replaced:            854(  3.0%)
[3.678s][debug][stringdedup             ]       Deleted:               7(  0.0%)
[3.678s][debug][stringdedup             ]     Deduplicated:        16060( 26.1%)   805.7K( 43.9%)
[3.678s][debug][stringdedup             ]     Skipped: 62 (dead), 0 (incomplete), 0 (shared)
[3.678s][debug][stringdedup             ] Table: 28383 values in 3001 buckets, 12 dead (0)
[3.678s][debug][stringdedup,phases,start] Idle start
[3.678s][debug][stringdedup,phases      ] Idle end: 0.001ms
[3.678s][debug][stringdedup,phases,start] Concurrent start
[3.678s][debug][stringdedup,phases,start] Process start
[3.678s][debug][stringdedup,phases      ] Process end: 0.002ms
[3.678s][debug][stringdedup,phases      ] Concurrent end: 0.016ms
[3.678s][info ][stringdedup             ] Concurrent String Deduplication 3/72.0B (new), 0/0.0B (deduped), avg 43.9%, 0.002ms of 0.016ms
[3.678s][debug][stringdedup             ]   Last Process: 1/0.002ms, Idle: 1/0.001ms, Blocked: 0/0.000ms
[3.678s][debug][stringdedup             ]     Inspected:               3
[3.678s][debug][stringdedup             ]       Known:                 0(  0.0%)
[3.678s][debug][stringdedup             ]       Shared:                0(  0.0%)
[3.678s][debug][stringdedup             ]       New:                   3(100.0%)    72.0B
[3.678s][debug][stringdedup             ]       Replaced:              0(  0.0%)
[3.678s][debug][stringdedup             ]       Deleted:               0(  0.0%)
[3.678s][debug][stringdedup             ]     Deduplicated:            0(  0.0%)     0.0B(  0.0%)
[3.678s][debug][stringdedup             ]     Skipped: 0 (dead), 0 (incomplete), 0 (shared)
[3.678s][debug][stringdedup             ]   Total Process: 17/17.137ms, Idle: 17/3627.050ms, Blocked: 0/0.000ms
[3.678s][debug][stringdedup             ]   Total Resize Table: 2/1.751ms
[3.678s][debug][stringdedup             ]     Inspected:           61618
[3.678s][debug][stringdedup             ]       Known:             33225( 53.9%)
[3.678s][debug][stringdedup             ]       Shared:                0(  0.0%)
[3.678s][debug][stringdedup             ]       New:               28393( 46.1%)  1837.3K
[3.678s][debug][stringdedup             ]       Replaced:            854(  3.0%)
[3.678s][debug][stringdedup             ]       Deleted:               7(  0.0%)
[3.678s][debug][stringdedup             ]     Deduplicated:        16060( 26.1%)   805.7K( 43.9%)
[3.678s][debug][stringdedup             ]     Skipped: 62 (dead), 0 (incomplete), 0 (shared)
[3.678s][debug][stringdedup             ] Table: 28386 values in 3001 buckets, 12 dead (0)
[3.678s][debug][stringdedup,phases,start] Idle start
[3.926s][info ][gc                      ] GC(8) Pause Young (Concurrent Start) (Metadata GC Threshold) 30M->17M(68M) 3.609ms
[3.926s][info ][gc                      ] GC(9) Concurrent Mark Cycle
[3.937s][info ][gc                      ] GC(9) Pause Remark 17M->17M(68M) 1.285ms
[3.937s][debug][stringdedup,phases      ] Idle end: 259.023ms
[3.937s][debug][stringdedup,phases,start] Concurrent start
[3.937s][debug][stringdedup,phases,start] Process start
[3.940s][debug][stringdedup,phases      ] Process end: 3.626ms
[3.940s][debug][stringdedup,phases      ] Concurrent end: 3.669ms
[3.941s][info ][stringdedup             ] Concurrent String Deduplication 6398/369.7K (new), 2352/119.2K (deduped), avg 41.9%, 3.626ms of 3.669ms
[3.941s][debug][stringdedup             ]   Last Process: 1/3.626ms, Idle: 1/259.023ms, Blocked: 0/0.000ms
[3.941s][debug][stringdedup             ]     Inspected:           13549
[3.941s][debug][stringdedup             ]       Known:              7151( 52.8%)
[3.941s][debug][stringdedup             ]       Shared:                0(  0.0%)
[3.941s][debug][stringdedup             ]       New:                6398( 47.2%)   369.7K
[3.941s][debug][stringdedup             ]       Replaced:             12(  0.2%)
[3.941s][debug][stringdedup             ]       Deleted:               0(  0.0%)
[3.941s][debug][stringdedup             ]     Deduplicated:         2352( 17.4%)   119.2K( 32.3%)
[3.941s][debug][stringdedup             ]     Skipped: 3 (dead), 0 (incomplete), 0 (shared)
[3.941s][debug][stringdedup             ]   Total Process: 18/20.763ms, Idle: 18/3886.073ms, Blocked: 0/0.000ms
[3.941s][debug][stringdedup             ]   Total Resize Table: 2/1.751ms
[3.941s][debug][stringdedup             ]     Inspected:           75167
[3.941s][debug][stringdedup             ]       Known:             40376( 53.7%)
[3.941s][debug][stringdedup             ]       Shared:                0(  0.0%)
[3.941s][debug][stringdedup             ]       New:               34791( 46.3%)  2207.1K
[3.941s][debug][stringdedup             ]       Replaced:            866(  2.5%)
[3.941s][debug][stringdedup             ]       Deleted:               7(  0.0%)
[3.941s][debug][stringdedup             ]     Deduplicated:        18412( 24.5%)   924.9K( 41.9%)
[3.941s][debug][stringdedup             ]     Skipped: 65 (dead), 0 (incomplete), 0 (shared)
[3.941s][debug][stringdedup             ] Table: 34784 values in 3001 buckets, 28 dead (0)
[3.941s][debug][stringdedup,phases,start] Idle start
[3.941s][debug][stringdedup,phases      ] Idle end: 0.003ms
[3.941s][debug][stringdedup,phases,start] Concurrent start
[3.941s][debug][stringdedup,phases,start] Process start
[3.941s][debug][stringdedup,phases      ] Process end: 0.028ms
[3.941s][debug][stringdedup,phases      ] Concurrent end: 0.043ms
[3.941s][info ][stringdedup             ] Concurrent String Deduplication 73/4560.0B (new), 0/0.0B (deduped), avg 41.8%, 0.028ms of 0.043ms
[3.941s][debug][stringdedup             ]   Last Process: 1/0.028ms, Idle: 1/0.003ms, Blocked: 0/0.000ms
[3.941s][debug][stringdedup             ]     Inspected:              74
[3.941s][debug][stringdedup             ]       Known:                 1(  1.4%)
[3.941s][debug][stringdedup             ]       Shared:                0(  0.0%)
[3.941s][debug][stringdedup             ]       New:                  73( 98.6%)  4560.0B
[3.941s][debug][stringdedup             ]       Replaced:              1(  1.4%)
[3.941s][debug][stringdedup             ]       Deleted:               0(  0.0%)
[3.941s][debug][stringdedup             ]     Deduplicated:            0(  0.0%)     0.0B(  0.0%)
[3.941s][debug][stringdedup             ]     Skipped: 0 (dead), 0 (incomplete), 0 (shared)
[3.941s][debug][stringdedup             ]   Total Process: 19/20.791ms, Idle: 19/3886.076ms, Blocked: 0/0.000ms
[3.941s][debug][stringdedup             ]   Total Resize Table: 2/1.751ms
[3.941s][debug][stringdedup             ]     Inspected:           75241
[3.941s][debug][stringdedup             ]       Known:             40377( 53.7%)
[3.941s][debug][stringdedup             ]       Shared:                0(  0.0%)
[3.941s][debug][stringdedup             ]       New:               34864( 46.3%)  2211.5K
[3.941s][debug][stringdedup             ]       Replaced:            867(  2.5%)
[3.941s][debug][stringdedup             ]       Deleted:               7(  0.0%)
[3.941s][debug][stringdedup             ]     Deduplicated:        18412( 24.5%)   924.9K( 41.8%)
[3.941s][debug][stringdedup             ]     Skipped: 65 (dead), 0 (incomplete), 0 (shared)
[3.941s][debug][stringdedup             ] Table: 34857 values in 3001 buckets, 28 dead (0)
[3.941s][debug][stringdedup,phases,start] Idle start
[3.941s][debug][stringdedup,phases      ] Idle end: 0.002ms
[3.941s][debug][stringdedup,phases,start] Concurrent start
[3.941s][debug][stringdedup,phases,start] Process start
[3.941s][debug][stringdedup,phases      ] Process end: 0.006ms
[3.941s][debug][stringdedup,phases      ] Concurrent end: 0.019ms
[3.941s][info ][stringdedup             ] Concurrent String Deduplication 1/64.0B (new), 0/0.0B (deduped), avg 41.8%, 0.006ms of 0.019ms
[3.941s][debug][stringdedup             ]   Last Process: 1/0.006ms, Idle: 1/0.002ms, Blocked: 0/0.000ms
[3.941s][debug][stringdedup             ]     Inspected:               1
[3.941s][debug][stringdedup             ]       Known:                 0(  0.0%)
[3.941s][debug][stringdedup             ]       Shared:                0(  0.0%)
[3.941s][debug][stringdedup             ]       New:                   1(100.0%)    64.0B
[3.941s][debug][stringdedup             ]       Replaced:              0(  0.0%)
[3.941s][debug][stringdedup             ]       Deleted:               0(  0.0%)
[3.941s][debug][stringdedup             ]     Deduplicated:            0(  0.0%)     0.0B(  0.0%)
[3.941s][debug][stringdedup             ]     Skipped: 0 (dead), 0 (incomplete), 0 (shared)
[3.941s][debug][stringdedup             ]   Total Process: 20/20.797ms, Idle: 20/3886.078ms, Blocked: 0/0.000ms
[3.941s][debug][stringdedup             ]   Total Resize Table: 2/1.751ms
[3.941s][debug][stringdedup             ]     Inspected:           75242
[3.941s][debug][stringdedup             ]       Known:             40377( 53.7%)
[3.941s][debug][stringdedup             ]       Shared:                0(  0.0%)
[3.941s][debug][stringdedup             ]       New:               34865( 46.3%)  2211.6K
[3.941s][debug][stringdedup             ]       Replaced:            867(  2.5%)
[3.941s][debug][stringdedup             ]       Deleted:               7(  0.0%)
[3.941s][debug][stringdedup             ]     Deduplicated:        18412( 24.5%)   924.9K( 41.8%)
[3.941s][debug][stringdedup             ]     Skipped: 65 (dead), 0 (incomplete), 0 (shared)
[3.941s][debug][stringdedup             ] Table: 34858 values in 3001 buckets, 28 dead (0)
[3.941s][debug][stringdedup,phases,start] Idle start
[3.941s][info ][gc                      ] GC(9) Pause Cleanup 18M->18M(68M) 0.033ms
[3.941s][info ][gc                      ] GC(9) Concurrent Mark Cycle 15.333ms
[4.418s][info ][gc                      ] GC(10) Pause Young (Normal) (G1 Evacuation Pause) 41M->18M(68M) 2.111ms
[4.418s][debug][stringdedup,phases      ] Idle end: 477.309ms
[4.418s][debug][stringdedup,phases,start] Concurrent start
[4.418s][debug][stringdedup,phases,start] Process start
[4.419s][debug][stringdedup,phases      ] Process end: 0.841ms
[4.419s][debug][stringdedup,phases      ] Concurrent end: 0.875ms
[4.419s][info ][stringdedup             ] Concurrent String Deduplication 2666/138.6K (new), 0/0.0B (deduped), avg 39.4%, 0.841ms of 0.875ms
[4.419s][debug][stringdedup             ]   Last Process: 1/0.841ms, Idle: 1/477.309ms, Blocked: 0/0.000ms
[4.419s][debug][stringdedup             ]     Inspected:            2683
[4.419s][debug][stringdedup             ]       Known:                17(  0.6%)
[4.419s][debug][stringdedup             ]       Shared:                0(  0.0%)
[4.419s][debug][stringdedup             ]       New:                2666( 99.4%)   138.6K
[4.419s][debug][stringdedup             ]       Replaced:             17(  0.6%)
[4.419s][debug][stringdedup             ]       Deleted:               0(  0.0%)
[4.419s][debug][stringdedup             ]     Deduplicated:            0(  0.0%)     0.0B(  0.0%)
[4.419s][debug][stringdedup             ]     Skipped: 3 (dead), 0 (incomplete), 0 (shared)
[4.419s][debug][stringdedup             ]   Total Process: 21/21.638ms, Idle: 21/4363.387ms, Blocked: 0/0.000ms
[4.419s][debug][stringdedup             ]   Total Resize Table: 2/1.751ms
[4.419s][debug][stringdedup             ]     Inspected:           77925
[4.419s][debug][stringdedup             ]       Known:             40394( 51.8%)
[4.420s][debug][stringdedup             ]       Shared:                0(  0.0%)
[4.420s][debug][stringdedup             ]       New:               37531( 48.2%)  2350.1K
[4.420s][debug][stringdedup             ]       Replaced:            884(  2.4%)
[4.420s][debug][stringdedup             ]       Deleted:               7(  0.0%)
[4.420s][debug][stringdedup             ]     Deduplicated:        18412( 23.6%)   924.9K( 39.4%)
[4.420s][debug][stringdedup             ]     Skipped: 68 (dead), 0 (incomplete), 0 (shared)
[4.420s][debug][stringdedup             ] Table: 37524 values in 3001 buckets, 28 dead (0)
[4.420s][debug][stringdedup,phases,start] Idle start
[4.420s][debug][stringdedup,phases      ] Idle end: 0.003ms
[4.420s][debug][stringdedup,phases,start] Concurrent start
[4.420s][debug][stringdedup,phases,start] Process start
[4.420s][debug][stringdedup,phases      ] Process end: 0.001ms
[4.420s][debug][stringdedup,phases      ] Concurrent end: 0.016ms
[4.420s][info ][stringdedup             ] Concurrent String Deduplication 2/144.0B (new), 0/0.0B (deduped), avg 39.4%, 0.001ms of 0.016ms
[4.420s][debug][stringdedup             ]   Last Process: 1/0.001ms, Idle: 1/0.003ms, Blocked: 0/0.000ms
[4.420s][debug][stringdedup             ]     Inspected:               2
[4.420s][debug][stringdedup             ]       Known:                 0(  0.0%)
[4.420s][debug][stringdedup             ]       Shared:                0(  0.0%)
[4.420s][debug][stringdedup             ]       New:                   2(100.0%)   144.0B
[4.420s][debug][stringdedup             ]       Replaced:              0(  0.0%)
[4.420s][debug][stringdedup             ]       Deleted:               0(  0.0%)
[4.420s][debug][stringdedup             ]     Deduplicated:            0(  0.0%)     0.0B(  0.0%)
[4.420s][debug][stringdedup             ]     Skipped: 0 (dead), 0 (incomplete), 0 (shared)
[4.420s][debug][stringdedup             ]   Total Process: 22/21.640ms, Idle: 22/4363.390ms, Blocked: 0/0.000ms
[4.420s][debug][stringdedup             ]   Total Resize Table: 2/1.751ms
[4.420s][debug][stringdedup             ]     Inspected:           77927
[4.420s][debug][stringdedup             ]       Known:             40394( 51.8%)
[4.420s][debug][stringdedup             ]       Shared:                0(  0.0%)
[4.420s][debug][stringdedup             ]       New:               37533( 48.2%)  2350.3K
[4.420s][debug][stringdedup             ]       Replaced:            884(  2.4%)
[4.420s][debug][stringdedup             ]       Deleted:               7(  0.0%)
[4.420s][debug][stringdedup             ]     Deduplicated:        18412( 23.6%)   924.9K( 39.4%)
[4.420s][debug][stringdedup             ]     Skipped: 68 (dead), 0 (incomplete), 0 (shared)
[4.420s][debug][stringdedup             ] Table: 37526 values in 3001 buckets, 28 dead (0)
[4.420s][debug][stringdedup,phases,start] Idle start
[4.825s][info ][gc                      ] GC(11) Pause Young (Normal) (G1 Evacuation Pause) 46M->20M(68M) 3.097ms
[5.152s][info ][gc                      ] GC(12) Pause Young (Normal) (G1 Evacuation Pause) 48M->22M(68M) 3.563ms
[5.152s][debug][stringdedup,phases      ] Idle end: 731.829ms
[5.152s][debug][stringdedup,phases,start] Concurrent start
[5.152s][debug][stringdedup,phases,start] Process start
[5.153s][debug][stringdedup,phases      ] Process end: 1.588ms
[5.153s][debug][stringdedup,phases      ] Concurrent end: 1.619ms
[5.153s][info ][stringdedup             ] Concurrent String Deduplication 2742/152.7K (new), 762/43544.0B (deduped), avg 38.7%, 1.588ms of 1.619ms
[5.153s][debug][stringdedup             ]   Last Process: 1/1.588ms, Idle: 1/731.829ms, Blocked: 0/0.000ms
[5.153s][debug][stringdedup             ]     Inspected:            5882
[5.153s][debug][stringdedup             ]       Known:              3140( 53.4%)
[5.153s][debug][stringdedup             ]       Shared:                0(  0.0%)
[5.153s][debug][stringdedup             ]       New:                2742( 46.6%)   152.7K
[5.153s][debug][stringdedup             ]       Replaced:             19(  0.7%)
[5.153s][debug][stringdedup             ]       Deleted:               0(  0.0%)
[5.153s][debug][stringdedup             ]     Deduplicated:          762( 13.0%) 43544.0B( 27.8%)
[5.153s][debug][stringdedup             ]     Skipped: 27 (dead), 0 (incomplete), 0 (shared)
[5.153s][debug][stringdedup             ]   Total Process: 23/23.228ms, Idle: 23/5095.219ms, Blocked: 0/0.000ms
[5.153s][debug][stringdedup             ]   Total Resize Table: 2/1.751ms
[5.153s][debug][stringdedup             ]     Inspected:           83809
[5.153s][debug][stringdedup             ]       Known:             43534( 51.9%)
[5.153s][debug][stringdedup             ]       Shared:                0(  0.0%)
[5.153s][debug][stringdedup             ]       New:               40275( 48.1%)  2503.0K
[5.153s][debug][stringdedup             ]       Replaced:            903(  2.2%)
[5.153s][debug][stringdedup             ]       Deleted:               7(  0.0%)
[5.153s][debug][stringdedup             ]     Deduplicated:        19174( 22.9%)   967.4K( 38.7%)
[5.153s][debug][stringdedup             ]     Skipped: 95 (dead), 0 (incomplete), 0 (shared)
[5.153s][debug][stringdedup             ] Table: 40268 values in 3001 buckets, 28 dead (0)
[5.153s][debug][stringdedup,phases,start] Idle start
[5.153s][debug][stringdedup,phases      ] Idle end: 0.004ms
[5.153s][debug][stringdedup,phases,start] Concurrent start
[5.153s][debug][stringdedup,phases,start] Process start
[5.154s][debug][stringdedup,phases      ] Process paused
[5.154s][debug][stringdedup,phases,start] Resize Table: 3001 -> 6007 (42015)
[5.157s][debug][stringdedup,phases      ] Resize Table end: 3.408ms
[5.157s][debug][stringdedup,phases      ] Process resume
[5.159s][debug][stringdedup,phases      ] Process end: 1.646ms
[5.159s][debug][stringdedup,phases      ] Concurrent end: 5.164ms
[5.159s][info ][stringdedup             ] Concurrent String Deduplication 2903/154.6K (new), 1856/115.2K (deduped), avg 40.7%, 1.646ms of 5.164ms
[5.159s][debug][stringdedup             ]   Last Process: 1/1.646ms, Idle: 1/0.004ms, Blocked: 0/0.000ms
[5.159s][debug][stringdedup             ]   Last Resize Table: 1/3.408ms
[5.159s][debug][stringdedup             ]     Inspected:            7557
[5.159s][debug][stringdedup             ]       Known:              4654( 61.6%)
[5.159s][debug][stringdedup             ]       Shared:                0(  0.0%)
[5.159s][debug][stringdedup             ]       New:                2903( 38.4%)   154.6K
[5.159s][debug][stringdedup             ]       Replaced:             39(  1.3%)
[5.159s][debug][stringdedup             ]       Deleted:              28(  1.0%)
[5.159s][debug][stringdedup             ]     Deduplicated:         1856( 24.6%)   115.2K( 74.5%)
[5.159s][debug][stringdedup             ]     Skipped: 22 (dead), 0 (incomplete), 0 (shared)
[5.159s][debug][stringdedup             ]   Total Process: 24/24.873ms, Idle: 24/5095.223ms, Blocked: 0/0.000ms
[5.159s][debug][stringdedup             ]   Total Resize Table: 3/5.159ms
[5.159s][debug][stringdedup             ]     Inspected:           91366
[5.159s][debug][stringdedup             ]       Known:             48188( 52.7%)
[5.159s][debug][stringdedup             ]       Shared:                0(  0.0%)
[5.159s][debug][stringdedup             ]       New:               43178( 47.3%)  2657.6K
[5.159s][debug][stringdedup             ]       Replaced:            942(  2.2%)
[5.159s][debug][stringdedup             ]       Deleted:              35(  0.1%)
[5.159s][debug][stringdedup             ]     Deduplicated:        21030( 23.0%)  1082.6K( 40.7%)
[5.159s][debug][stringdedup             ]     Skipped: 117 (dead), 0 (incomplete), 0 (shared)
[5.159s][debug][stringdedup             ] Table: 43143 values in 6007 buckets, 0 dead (2)
[5.159s][debug][stringdedup,phases,start] Idle start
[5.159s][debug][stringdedup,phases      ] Idle end: 0.003ms
[5.159s][debug][stringdedup,phases,start] Concurrent start
[5.159s][debug][stringdedup,phases,start] Process start
[5.159s][debug][stringdedup,phases      ] Process end: 0.010ms
[5.159s][debug][stringdedup,phases      ] Concurrent end: 0.025ms
[5.159s][info ][stringdedup             ] Concurrent String Deduplication 17/1576.0B (new), 0/0.0B (deduped), avg 40.7%, 0.010ms of 0.025ms
[5.159s][debug][stringdedup             ]   Last Process: 1/0.010ms, Idle: 1/0.003ms, Blocked: 0/0.000ms
[5.159s][debug][stringdedup             ]     Inspected:              17
[5.159s][debug][stringdedup             ]       Known:                 0(  0.0%)
[5.159s][debug][stringdedup             ]       Shared:                0(  0.0%)
[5.159s][debug][stringdedup             ]       New:                  17(100.0%)  1576.0B
[5.159s][debug][stringdedup             ]       Replaced:              0(  0.0%)
[5.159s][debug][stringdedup             ]       Deleted:               0(  0.0%)
[5.159s][debug][stringdedup             ]     Deduplicated:            0(  0.0%)     0.0B(  0.0%)
[5.159s][debug][stringdedup             ]     Skipped: 0 (dead), 0 (incomplete), 0 (shared)
[5.159s][debug][stringdedup             ]   Total Process: 25/24.884ms, Idle: 25/5095.225ms, Blocked: 0/0.000ms
[5.159s][debug][stringdedup             ]   Total Resize Table: 3/5.159ms
[5.159s][debug][stringdedup             ]     Inspected:           91383
[5.159s][debug][stringdedup             ]       Known:             48188( 52.7%)
[5.159s][debug][stringdedup             ]       Shared:                0(  0.0%)
[5.159s][debug][stringdedup             ]       New:               43195( 47.3%)  2659.2K
[5.159s][debug][stringdedup             ]       Replaced:            942(  2.2%)
[5.159s][debug][stringdedup             ]       Deleted:              35(  0.1%)
[5.159s][debug][stringdedup             ]     Deduplicated:        21030( 23.0%)  1082.6K( 40.7%)
[5.159s][debug][stringdedup             ]     Skipped: 117 (dead), 0 (incomplete), 0 (shared)
[5.159s][debug][stringdedup             ] Table: 43160 values in 6007 buckets, 0 dead (2)
[5.159s][debug][stringdedup,phases,start] Idle start
[5.159s][debug][stringdedup,phases      ] Idle end: 0.002ms
[5.159s][debug][stringdedup,phases,start] Concurrent start
[5.159s][debug][stringdedup,phases,start] Process start
[5.159s][debug][stringdedup,phases      ] Process end: 0.005ms
[5.159s][debug][stringdedup,phases      ] Concurrent end: 0.023ms
[5.159s][info ][stringdedup             ] Concurrent String Deduplication 2/168.0B (new), 0/0.0B (deduped), avg 40.7%, 0.005ms of 0.023ms
[5.159s][debug][stringdedup             ]   Last Process: 1/0.005ms, Idle: 1/0.002ms, Blocked: 0/0.000ms
[5.159s][debug][stringdedup             ]     Inspected:               2
[5.159s][debug][stringdedup             ]       Known:                 0(  0.0%)
[5.159s][debug][stringdedup             ]       Shared:                0(  0.0%)
[5.159s][debug][stringdedup             ]       New:                   2(100.0%)   168.0B
[5.159s][debug][stringdedup             ]       Replaced:              0(  0.0%)
[5.159s][debug][stringdedup             ]       Deleted:               0(  0.0%)
[5.159s][debug][stringdedup             ]     Deduplicated:            0(  0.0%)     0.0B(  0.0%)
[5.159s][debug][stringdedup             ]     Skipped: 0 (dead), 0 (incomplete), 0 (shared)
[5.159s][debug][stringdedup             ]   Total Process: 26/24.889ms, Idle: 26/5095.227ms, Blocked: 0/0.000ms
[5.159s][debug][stringdedup             ]   Total Resize Table: 3/5.159ms
[5.159s][debug][stringdedup             ]     Inspected:           91385
[5.159s][debug][stringdedup             ]       Known:             48188( 52.7%)
[5.159s][debug][stringdedup             ]       Shared:                0(  0.0%)
[5.159s][debug][stringdedup             ]       New:               43197( 47.3%)  2659.3K
[5.159s][debug][stringdedup             ]       Replaced:            942(  2.2%)
[5.159s][debug][stringdedup             ]       Deleted:              35(  0.1%)
[5.159s][debug][stringdedup             ]     Deduplicated:        21030( 23.0%)  1082.6K( 40.7%)
[5.159s][debug][stringdedup             ]     Skipped: 117 (dead), 0 (incomplete), 0 (shared)
[5.159s][debug][stringdedup             ] Table: 43162 values in 6007 buckets, 0 dead (2)
[5.159s][debug][stringdedup,phases,start] Idle start
[5.159s][debug][stringdedup,phases      ] Idle end: 0.001ms
[5.159s][debug][stringdedup,phases,start] Concurrent start
[5.159s][debug][stringdedup,phases,start] Process start
[5.159s][debug][stringdedup,phases      ] Process end: 0.003ms
[5.159s][debug][stringdedup,phases      ] Concurrent end: 0.017ms
[5.159s][info ][stringdedup             ] Concurrent String Deduplication 1/88.0B (new), 0/0.0B (deduped), avg 40.7%, 0.003ms of 0.017ms
[5.159s][debug][stringdedup             ]   Last Process: 1/0.003ms, Idle: 1/0.001ms, Blocked: 0/0.000ms
[5.159s][debug][stringdedup             ]     Inspected:               1
[5.159s][debug][stringdedup             ]       Known:                 0(  0.0%)
[5.159s][debug][stringdedup             ]       Shared:                0(  0.0%)
[5.159s][debug][stringdedup             ]       New:                   1(100.0%)    88.0B
[5.159s][debug][stringdedup             ]       Replaced:              0(  0.0%)
[5.159s][debug][stringdedup             ]       Deleted:               0(  0.0%)
[5.159s][debug][stringdedup             ]     Deduplicated:            0(  0.0%)     0.0B(  0.0%)
[5.159s][debug][stringdedup             ]     Skipped: 0 (dead), 0 (incomplete), 0 (shared)
[5.159s][debug][stringdedup             ]   Total Process: 27/24.892ms, Idle: 27/5095.229ms, Blocked: 0/0.000ms
[5.159s][debug][stringdedup             ]   Total Resize Table: 3/5.159ms
[5.159s][debug][stringdedup             ]     Inspected:           91386
[5.159s][debug][stringdedup             ]       Known:             48188( 52.7%)
[5.159s][debug][stringdedup             ]       Shared:                0(  0.0%)
[5.159s][debug][stringdedup             ]       New:               43198( 47.3%)  2659.4K
[5.159s][debug][stringdedup             ]       Replaced:            942(  2.2%)
[5.159s][debug][stringdedup             ]       Deleted:              35(  0.1%)
[5.159s][debug][stringdedup             ]     Deduplicated:        21030( 23.0%)  1082.6K( 40.7%)
[5.159s][debug][stringdedup             ]     Skipped: 117 (dead), 0 (incomplete), 0 (shared)
[5.159s][debug][stringdedup             ] Table: 43163 values in 6007 buckets, 0 dead (2)
[5.159s][debug][stringdedup,phases,start] Idle start
[5.159s][debug][stringdedup,phases      ] Idle end: 0.001ms
[5.159s][debug][stringdedup,phases,start] Concurrent start
[5.159s][debug][stringdedup,phases,start] Process start
[5.159s][debug][stringdedup,phases      ] Process end: 0.004ms
[5.159s][debug][stringdedup,phases      ] Concurrent end: 0.014ms
[5.159s][info ][stringdedup             ] Concurrent String Deduplication 1/104.0B (new), 0/0.0B (deduped), avg 40.7%, 0.004ms of 0.014ms
[5.159s][debug][stringdedup             ]   Last Process: 1/0.004ms, Idle: 1/0.001ms, Blocked: 0/0.000ms
[5.159s][debug][stringdedup             ]     Inspected:               1
[5.159s][debug][stringdedup             ]       Known:                 0(  0.0%)
[5.159s][debug][stringdedup             ]       Shared:                0(  0.0%)
[5.159s][debug][stringdedup             ]       New:                   1(100.0%)   104.0B
[5.159s][debug][stringdedup             ]       Replaced:              0(  0.0%)
[5.159s][debug][stringdedup             ]       Deleted:               0(  0.0%)
[5.159s][debug][stringdedup             ]     Deduplicated:            0(  0.0%)     0.0B(  0.0%)
[5.159s][debug][stringdedup             ]     Skipped: 0 (dead), 0 (incomplete), 0 (shared)
[5.160s][debug][stringdedup             ]   Total Process: 28/24.895ms, Idle: 28/5095.229ms, Blocked: 0/0.000ms
[5.160s][debug][stringdedup             ]   Total Resize Table: 3/5.159ms
[5.160s][debug][stringdedup             ]     Inspected:           91387
[5.160s][debug][stringdedup             ]       Known:             48188( 52.7%)
[5.160s][debug][stringdedup             ]       Shared:                0(  0.0%)
[5.160s][debug][stringdedup             ]       New:               43199( 47.3%)  2659.5K
[5.160s][debug][stringdedup             ]       Replaced:            942(  2.2%)
[5.160s][debug][stringdedup             ]       Deleted:              35(  0.1%)
[5.160s][debug][stringdedup             ]     Deduplicated:        21030( 23.0%)  1082.6K( 40.7%)
[5.160s][debug][stringdedup             ]     Skipped: 117 (dead), 0 (incomplete), 0 (shared)
[5.160s][debug][stringdedup             ] Table: 43164 values in 6007 buckets, 0 dead (2)
[5.160s][debug][stringdedup,phases,start] Idle start
[5.160s][debug][stringdedup,phases      ] Idle end: 0.001ms
[5.160s][debug][stringdedup,phases,start] Concurrent start
[5.160s][debug][stringdedup,phases,start] Process start
[5.160s][debug][stringdedup,phases      ] Process end: 0.003ms
[5.160s][debug][stringdedup,phases      ] Concurrent end: 0.017ms
[5.160s][info ][stringdedup             ] Concurrent String Deduplication 3/144.0B (new), 0/0.0B (deduped), avg 40.7%, 0.003ms of 0.017ms
[5.160s][debug][stringdedup             ]   Last Process: 1/0.003ms, Idle: 1/0.001ms, Blocked: 0/0.000ms
[5.160s][debug][stringdedup             ]     Inspected:               3
[5.160s][debug][stringdedup             ]       Known:                 0(  0.0%)
[5.160s][debug][stringdedup             ]       Shared:                0(  0.0%)
[5.160s][debug][stringdedup             ]       New:                   3(100.0%)   144.0B
[5.160s][debug][stringdedup             ]       Replaced:              0(  0.0%)
[5.160s][debug][stringdedup             ]       Deleted:               0(  0.0%)
[5.160s][debug][stringdedup             ]     Deduplicated:            0(  0.0%)     0.0B(  0.0%)
[5.160s][debug][stringdedup             ]     Skipped: 0 (dead), 0 (incomplete), 0 (shared)
[5.160s][debug][stringdedup             ]   Total Process: 29/24.899ms, Idle: 29/5095.230ms, Blocked: 0/0.000ms
[5.160s][debug][stringdedup             ]   Total Resize Table: 3/5.159ms
[5.160s][debug][stringdedup             ]     Inspected:           91390
[5.160s][debug][stringdedup             ]       Known:             48188( 52.7%)
[5.160s][debug][stringdedup             ]       Shared:                0(  0.0%)
[5.160s][debug][stringdedup             ]       New:               43202( 47.3%)  2659.7K
[5.160s][debug][stringdedup             ]       Replaced:            942(  2.2%)
[5.160s][debug][stringdedup             ]       Deleted:              35(  0.1%)
[5.160s][debug][stringdedup             ]     Deduplicated:        21030( 23.0%)  1082.6K( 40.7%)
[5.160s][debug][stringdedup             ]     Skipped: 117 (dead), 0 (incomplete), 0 (shared)
[5.160s][debug][stringdedup             ] Table: 43167 values in 6007 buckets, 0 dead (2)
[5.160s][debug][stringdedup,phases,start] Idle start
