[0.006s][info][gc] Using G1
[0.012s][info][stringdedup,init] String Deduplication is enabled
[0.022s][debug][stringdedup,phases,start] Idle start
[0.022s][debug][stringdedup,phases      ] Idle end: 0.004ms
[0.023s][debug][stringdedup,phases,start] Concurrent start
[0.023s][debug][stringdedup,phases,start] Process start
[0.023s][debug][stringdedup,phases      ] Process end: 0.061ms
[0.023s][debug][stringdedup,phases      ] Concurrent end: 0.088ms
[0.023s][info ][stringdedup             ] Concurrent String Deduplication 147/4928.0B (new), 0/0.0B (deduped), avg 0.0%, 0.061ms of 0.088ms
[0.023s][debug][stringdedup             ]   Last Process: 1/0.061ms, Idle: 1/0.004ms, Blocked: 0/0.000ms
[0.023s][debug][stringdedup             ]     Inspected:             147
[0.023s][debug][stringdedup             ]       Known:                 0(  0.0%)
[0.023s][debug][stringdedup             ]       Shared:                0(  0.0%)
[0.023s][debug][stringdedup             ]       New:                 147(100.0%)  4928.0B
[0.023s][debug][stringdedup             ]       Replaced:              0(  0.0%)
[0.023s][debug][stringdedup             ]       Deleted:               0(  0.0%)
[0.023s][debug][stringdedup             ]     Deduplicated:            0(  0.0%)     0.0B(  0.0%)
[0.023s][debug][stringdedup             ]     Skipped: 0 (dead), 0 (incomplete), 0 (shared)
[0.023s][debug][stringdedup             ]   Total Process: 1/0.061ms, Idle: 1/0.004ms, Blocked: 0/0.000ms
[0.023s][debug][stringdedup             ]     Inspected:             147
[0.023s][debug][stringdedup             ]       Known:                 0(  0.0%)
[0.023s][debug][stringdedup             ]       Shared:                0(  0.0%)
[0.023s][debug][stringdedup             ]       New:                 147(100.0%)  4928.0B
[0.023s][debug][stringdedup             ]       Replaced:              0(  0.0%)
[0.023s][debug][stringdedup             ]       Deleted:               0(  0.0%)
[0.023s][debug][stringdedup             ]     Deduplicated:            0(  0.0%)     0.0B(  0.0%)
[0.023s][debug][stringdedup             ]     Skipped: 0 (dead), 0 (incomplete), 0 (shared)
[0.023s][debug][stringdedup             ] Table: 147 values in 503 buckets, 0 dead (0)
[0.023s][debug][stringdedup,phases,start] Idle start
[0.538s][info ][gc                      ] GC(0) Pause Young (Normal) (G1 Evacuation Pause) 24M->6M(512M) 2.523ms
[0.759s][info ][gc                      ] GC(1) Pause Young (Normal) (G1 Evacuation Pause) 26M->7M(512M) 2.071ms
[0.759s][debug][stringdedup,phases      ] Idle end: 735.942ms
[0.759s][debug][stringdedup,phases,start] Concurrent start
[0.759s][debug][stringdedup,phases,start] Process start
[0.761s][debug][stringdedup,phases      ] Process paused
[0.761s][debug][stringdedup,phases,start] Resize Table: 503 -> 1009 (7043)
[0.762s][debug][stringdedup,phases      ] Resize Table end: 0.603ms
[0.762s][debug][stringdedup,phases      ] Process resume
[0.763s][debug][stringdedup,phases      ] Process end: 3.191ms
[0.763s][debug][stringdedup,phases      ] Concurrent end: 3.885ms
[0.763s][info ][stringdedup             ] Concurrent String Deduplication 8387/396.4K (new), 1685/50176.0B (deduped), avg 12.2%, 3.191ms of 3.885ms
[0.763s][debug][stringdedup             ]   Last Process: 1/3.191ms, Idle: 1/735.942ms, Blocked: 0/0.000ms
[0.763s][debug][stringdedup             ]   Last Resize Table: 1/0.603ms
[0.763s][debug][stringdedup             ]     Inspected:           12874
[0.763s][debug][stringdedup             ]       Known:              4487( 34.9%)
[0.763s][debug][stringdedup             ]       Shared:                0(  0.0%)
[0.763s][debug][stringdedup             ]       New:                8387( 65.1%)   396.4K
[0.763s][debug][stringdedup             ]       Replaced:              0(  0.0%)
[0.763s][debug][stringdedup             ]       Deleted:               0(  0.0%)
[0.763s][debug][stringdedup             ]     Deduplicated:         1685( 13.1%) 50176.0B( 12.4%)
[0.763s][debug][stringdedup             ]     Skipped: 24 (dead), 0 (incomplete), 0 (shared)
[0.763s][debug][stringdedup             ]   Total Process: 2/3.252ms, Idle: 2/735.946ms, Blocked: 0/0.000ms
[0.763s][debug][stringdedup             ]   Total Resize Table: 1/0.603ms
[0.763s][debug][stringdedup             ]     Inspected:           13021
[0.763s][debug][stringdedup             ]       Known:              4487( 34.5%)
[0.763s][debug][stringdedup             ]       Shared:                0(  0.0%)
[0.763s][debug][stringdedup             ]       New:                8534( 65.5%)   401.2K
[0.763s][debug][stringdedup             ]       Replaced:              0(  0.0%)
[0.763s][debug][stringdedup             ]       Deleted:               0(  0.0%)
[0.763s][debug][stringdedup             ]     Deduplicated:         1685( 12.9%) 50176.0B( 12.2%)
[0.763s][debug][stringdedup             ]     Skipped: 24 (dead), 0 (incomplete), 0 (shared)
[0.763s][debug][stringdedup             ] Table: 8534 values in 1009 buckets, 0 dead (2)
[0.763s][debug][stringdedup,phases,start] Idle start
[0.763s][debug][stringdedup,phases      ] Idle end: 0.003ms
[0.763s][debug][stringdedup,phases,start] Concurrent start
[0.763s][debug][stringdedup,phases,start] Process start
[0.765s][debug][stringdedup,phases      ] Process end: 1.907ms
[0.765s][debug][stringdedup,phases      ] Concurrent end: 1.937ms
[0.765s][info ][stringdedup             ] Concurrent String Deduplication 2695/179.0K (new), 1692/99368.0B (deduped), avg 25.2%, 1.907ms of 1.937ms
[0.765s][debug][stringdedup             ]   Last Process: 1/1.907ms, Idle: 1/0.003ms, Blocked: 0/0.000ms
[0.765s][debug][stringdedup             ]     Inspected:            8026
[0.765s][debug][stringdedup             ]       Known:              5331( 66.4%)
[0.765s][debug][stringdedup             ]       Shared:                0(  0.0%)
[0.765s][debug][stringdedup             ]       New:                2695( 33.6%)   179.0K
[0.765s][debug][stringdedup             ]       Replaced:             32(  1.2%)
[0.765s][debug][stringdedup             ]       Deleted:               0(  0.0%)
[0.765s][debug][stringdedup             ]     Deduplicated:         1692( 21.1%) 99368.0B( 54.2%)
[0.765s][debug][stringdedup             ]     Skipped: 19 (dead), 0 (incomplete), 0 (shared)
[0.765s][debug][stringdedup             ]   Total Process: 3/5.159ms, Idle: 3/735.949ms, Blocked: 0/0.000ms
[0.765s][debug][stringdedup             ]   Total Resize Table: 1/0.603ms
[0.765s][debug][stringdedup             ]     Inspected:           21047
[0.765s][debug][stringdedup             ]       Known:              9818( 46.6%)
[0.765s][debug][stringdedup             ]       Shared:                0(  0.0%)
[0.765s][debug][stringdedup             ]       New:               11229( 53.4%)   580.2K
[0.765s][debug][stringdedup             ]       Replaced:             32(  0.3%)
[0.765s][debug][stringdedup             ]       Deleted:               0(  0.0%)
[0.765s][debug][stringdedup             ]     Deduplicated:         3377( 16.0%)   146.0K( 25.2%)
[0.765s][debug][stringdedup             ]     Skipped: 43 (dead), 0 (incomplete), 0 (shared)
[0.765s][debug][stringdedup             ] Table: 11229 values in 1009 buckets, 0 dead (2)
[0.765s][debug][stringdedup,phases,start] Idle start
[0.765s][debug][stringdedup,phases      ] Idle end: 0.002ms
[0.765s][debug][stringdedup,phases,start] Concurrent start
[0.765s][debug][stringdedup,phases,start] Process start
[0.765s][debug][stringdedup,phases      ] Process end: 0.011ms
[0.765s][debug][stringdedup,phases      ] Concurrent end: 0.024ms
[0.765s][info ][stringdedup             ] Concurrent String Deduplication 16/1224.0B (new), 0/0.0B (deduped), avg 25.1%, 0.011ms of 0.024ms
[0.765s][debug][stringdedup             ]   Last Process: 1/0.011ms, Idle: 1/0.002ms, Blocked: 0/0.000ms
[0.765s][debug][stringdedup             ]     Inspected:              16
[0.765s][debug][stringdedup             ]       Known:                 0(  0.0%)
[0.765s][debug][stringdedup             ]       Shared:                0(  0.0%)
[0.765s][debug][stringdedup             ]       New:                  16(100.0%)  1224.0B
[0.765s][debug][stringdedup             ]       Replaced:              0(  0.0%)
[0.765s][debug][stringdedup             ]       Deleted:               0(  0.0%)
[0.765s][debug][stringdedup             ]     Deduplicated:            0(  0.0%)     0.0B(  0.0%)
[0.765s][debug][stringdedup             ]     Skipped: 0 (dead), 0 (incomplete), 0 (shared)
[0.765s][debug][stringdedup             ]   Total Process: 4/5.170ms, Idle: 4/735.950ms, Blocked: 0/0.000ms
[0.765s][debug][stringdedup             ]   Total Resize Table: 1/0.603ms
[0.765s][debug][stringdedup             ]     Inspected:           21063
[0.765s][debug][stringdedup             ]       Known:              9818( 46.6%)
[0.765s][debug][stringdedup             ]       Shared:                0(  0.0%)
[0.765s][debug][stringdedup             ]       New:               11245( 53.4%)   581.4K
[0.765s][debug][stringdedup             ]       Replaced:             32(  0.3%)
[0.765s][debug][stringdedup             ]       Deleted:               0(  0.0%)
[0.765s][debug][stringdedup             ]     Deduplicated:         3377( 16.0%)   146.0K( 25.1%)
[0.765s][debug][stringdedup             ]     Skipped: 43 (dead), 0 (incomplete), 0 (shared)
[0.765s][debug][stringdedup             ] Table: 11245 values in 1009 buckets, 0 dead (2)
[0.765s][debug][stringdedup,phases,start] Idle start
[0.765s][debug][stringdedup,phases      ] Idle end: 0.002ms
[0.765s][debug][stringdedup,phases,start] Concurrent start
[0.765s][debug][stringdedup,phases,start] Process start
[0.765s][debug][stringdedup,phases      ] Process end: 0.004ms
[0.765s][debug][stringdedup,phases      ] Concurrent end: 0.021ms
[0.765s][info ][stringdedup             ] Concurrent String Deduplication 2/216.0B (new), 0/0.0B (deduped), avg 25.1%, 0.004ms of 0.021ms
[0.766s][debug][stringdedup             ]   Last Process: 1/0.004ms, Idle: 1/0.002ms, Blocked: 0/0.000ms
[0.766s][debug][stringdedup             ]     Inspected:               2
[0.766s][debug][stringdedup             ]       Known:                 0(  0.0%)
[0.766s][debug][stringdedup             ]       Shared:                0(  0.0%)
[0.766s][debug][stringdedup             ]       New:                   2(100.0%)   216.0B
[0.766s][debug][stringdedup             ]       Replaced:              0(  0.0%)
[0.766s][debug][stringdedup             ]       Deleted:               0(  0.0%)
[0.766s][debug][stringdedup             ]     Deduplicated:            0(  0.0%)     0.0B(  0.0%)
[0.766s][debug][stringdedup             ]     Skipped: 0 (dead), 0 (incomplete), 0 (shared)
[0.766s][debug][stringdedup             ]   Total Process: 5/5.174ms, Idle: 5/735.952ms, Blocked: 0/0.000ms
[0.766s][debug][stringdedup             ]   Total Resize Table: 1/0.603ms
[0.766s][debug][stringdedup             ]     Inspected:           21065
[0.766s][debug][stringdedup             ]       Known:              9818( 46.6%)
[0.766s][debug][stringdedup             ]       Shared:                0(  0.0%)
[0.766s][debug][stringdedup             ]       New:               11247( 53.4%)   581.6K
[0.766s][debug][stringdedup             ]       Replaced:             32(  0.3%)
[0.766s][debug][stringdedup             ]       Deleted:               0(  0.0%)
[0.766s][debug][stringdedup             ]     Deduplicated:         3377( 16.0%)   146.0K( 25.1%)
[0.766s][debug][stringdedup             ]     Skipped: 43 (dead), 0 (incomplete), 0 (shared)
[0.766s][debug][stringdedup             ] Table: 11247 values in 1009 buckets, 0 dead (2)
[0.766s][debug][stringdedup,phases,start] Idle start
[0.766s][debug][stringdedup,phases      ] Idle end: 0.001ms
[0.766s][debug][stringdedup,phases,start] Concurrent start
[0.766s][debug][stringdedup,phases,start] Process start
[0.766s][debug][stringdedup,phases      ] Process end: 0.005ms
[0.766s][debug][stringdedup,phases      ] Concurrent end: 0.020ms
[0.766s][info ][stringdedup             ] Concurrent String Deduplication 1/72.0B (new), 0/0.0B (deduped), avg 25.1%, 0.005ms of 0.020ms
[0.766s][debug][stringdedup             ]   Last Process: 1/0.005ms, Idle: 1/0.001ms, Blocked: 0/0.000ms
[0.766s][debug][stringdedup             ]     Inspected:               1
[0.766s][debug][stringdedup             ]       Known:                 0(  0.0%)
[0.766s][debug][stringdedup             ]       Shared:                0(  0.0%)
[0.766s][debug][stringdedup             ]       New:                   1(100.0%)    72.0B
[0.766s][debug][stringdedup             ]       Replaced:              0(  0.0%)
[0.766s][debug][stringdedup             ]       Deleted:               0(  0.0%)
[0.766s][debug][stringdedup             ]     Deduplicated:            0(  0.0%)     0.0B(  0.0%)
[0.766s][debug][stringdedup             ]     Skipped: 0 (dead), 0 (incomplete), 0 (shared)
[0.766s][debug][stringdedup             ]   Total Process: 6/5.179ms, Idle: 6/735.953ms, Blocked: 0/0.000ms
[0.766s][debug][stringdedup             ]   Total Resize Table: 1/0.603ms
[0.766s][debug][stringdedup             ]     Inspected:           21066
[0.766s][debug][stringdedup             ]       Known:              9818( 46.6%)
[0.766s][debug][stringdedup             ]       Shared:                0(  0.0%)
[0.766s][debug][stringdedup             ]       New:               11248( 53.4%)   581.7K
[0.766s][debug][stringdedup             ]       Replaced:             32(  0.3%)
[0.766s][debug][stringdedup             ]       Deleted:               0(  0.0%)
[0.766s][debug][stringdedup             ]     Deduplicated:         3377( 16.0%)   146.0K( 25.1%)
[0.766s][debug][stringdedup             ]     Skipped: 43 (dead), 0 (incomplete), 0 (shared)
[0.766s][debug][stringdedup             ] Table: 11248 values in 1009 buckets, 0 dead (2)
[0.766s][debug][stringdedup,phases,start] Idle start
[0.766s][debug][stringdedup,phases      ] Idle end: 0.001ms
[0.766s][debug][stringdedup,phases,start] Concurrent start
[0.766s][debug][stringdedup,phases,start] Process start
[0.766s][debug][stringdedup,phases      ] Process end: 0.003ms
[0.766s][debug][stringdedup,phases      ] Concurrent end: 0.016ms
[0.766s][info ][stringdedup             ] Concurrent String Deduplication 1/88.0B (new), 0/0.0B (deduped), avg 25.1%, 0.003ms of 0.016ms
[0.766s][debug][stringdedup             ]   Last Process: 1/0.003ms, Idle: 1/0.001ms, Blocked: 0/0.000ms
[0.766s][debug][stringdedup             ]     Inspected:               1
[0.766s][debug][stringdedup             ]       Known:                 0(  0.0%)
[0.766s][debug][stringdedup             ]       Shared:                0(  0.0%)
[0.766s][debug][stringdedup             ]       New:                   1(100.0%)    88.0B
[0.766s][debug][stringdedup             ]       Replaced:              0(  0.0%)
[0.766s][debug][stringdedup             ]       Deleted:               0(  0.0%)
[0.766s][debug][stringdedup             ]     Deduplicated:            0(  0.0%)     0.0B(  0.0%)
[0.766s][debug][stringdedup             ]     Skipped: 0 (dead), 0 (incomplete), 0 (shared)
[0.766s][debug][stringdedup             ]   Total Process: 7/5.182ms, Idle: 7/735.954ms, Blocked: 0/0.000ms
[0.766s][debug][stringdedup             ]   Total Resize Table: 1/0.603ms
[0.766s][debug][stringdedup             ]     Inspected:           21067
[0.766s][debug][stringdedup             ]       Known:              9818( 46.6%)
[0.766s][debug][stringdedup             ]       Shared:                0(  0.0%)
[0.766s][debug][stringdedup             ]       New:               11249( 53.4%)   581.7K
[0.766s][debug][stringdedup             ]       Replaced:             32(  0.3%)
[0.766s][debug][stringdedup             ]       Deleted:               0(  0.0%)
[0.766s][debug][stringdedup             ]     Deduplicated:         3377( 16.0%)   146.0K( 25.1%)
[0.766s][debug][stringdedup             ]     Skipped: 43 (dead), 0 (incomplete), 0 (shared)
[0.766s][debug][stringdedup             ] Table: 11249 values in 1009 buckets, 0 dead (2)
[0.766s][debug][stringdedup,phases,start] Idle start
[1.340s][info ][gc                      ] GC(2) Pause Young (Normal) (G1 Evacuation Pause) 51M->10M(512M) 2.988ms
[1.340s][debug][stringdedup,phases      ] Idle end: 574.015ms
[1.340s][debug][stringdedup,phases,start] Concurrent start
[1.340s][debug][stringdedup,phases,start] Process start
[1.341s][debug][stringdedup,phases      ] Process end: 0.994ms
[1.341s][debug][stringdedup,phases      ] Concurrent end: 1.036ms
[1.341s][info ][stringdedup             ] Concurrent String Deduplication 3211/182.1K (new), 0/0.0B (deduped), avg 19.1%, 0.994ms of 1.036ms
[1.341s][debug][stringdedup             ]   Last Process: 1/0.994ms, Idle: 1/574.015ms, Blocked: 0/0.000ms
[1.341s][debug][stringdedup             ]     Inspected:            3838
[1.341s][debug][stringdedup             ]       Known:               627( 16.3%)
[1.341s][debug][stringdedup             ]       Shared:                0(  0.0%)
[1.341s][debug][stringdedup             ]       New:                3211( 83.7%)   182.1K
[1.341s][debug][stringdedup             ]       Replaced:            627( 19.5%)
[1.341s][debug][stringdedup             ]       Deleted:               0(  0.0%)
[1.341s][debug][stringdedup             ]     Deduplicated:            0(  0.0%)     0.0B(  0.0%)
[1.341s][debug][stringdedup             ]     Skipped: 13 (dead), 0 (incomplete), 0 (shared)
[1.341s][debug][stringdedup             ]   Total Process: 8/6.176ms, Idle: 8/1309.968ms, Blocked: 0/0.000ms
[1.341s][debug][stringdedup             ]   Total Resize Table: 1/0.603ms
[1.341s][debug][stringdedup             ]     Inspected:           24905
[1.341s][debug][stringdedup             ]       Known:             10445( 41.9%)
[1.341s][debug][stringdedup             ]       Shared:                0(  0.0%)
[1.341s][debug][stringdedup             ]       New:               14460( 58.1%)   763.9K
[1.341s][debug][stringdedup             ]       Replaced:            659(  4.6%)
[1.341s][debug][stringdedup             ]       Deleted:               0(  0.0%)
[1.341s][debug][stringdedup             ]     Deduplicated:         3377( 13.6%)   146.0K( 19.1%)
[1.341s][debug][stringdedup             ]     Skipped: 56 (dead), 0 (incomplete), 0 (shared)
[1.341s][debug][stringdedup             ] Table: 14460 values in 1009 buckets, 0 dead (1)
[1.341s][debug][stringdedup,phases,start] Idle start
[1.341s][debug][stringdedup,phases      ] Idle end: 0.002ms
[1.341s][debug][stringdedup,phases,start] Concurrent start
[1.341s][debug][stringdedup,phases,start] Process start
[1.341s][debug][stringdedup,phases      ] Process end: 0.002ms
[1.341s][debug][stringdedup,phases      ] Concurrent end: 0.015ms
[1.341s][info ][stringdedup             ] Concurrent String Deduplication 2/96.0B (new), 0/0.0B (deduped), avg 19.1%, 0.002ms of 0.015ms
[1.341s][debug][stringdedup             ]   Last Process: 1/0.002ms, Idle: 1/0.002ms, Blocked: 0/0.000ms
[1.341s][debug][stringdedup             ]     Inspected:               2
[1.341s][debug][stringdedup             ]       Known:                 0(  0.0%)
[1.341s][debug][stringdedup             ]       Shared:                0(  0.0%)
[1.341s][debug][stringdedup             ]       New:                   2(100.0%)    96.0B
[1.341s][debug][stringdedup             ]       Replaced:              0(  0.0%)
[1.341s][debug][stringdedup             ]       Deleted:               0(  0.0%)
[1.341s][debug][stringdedup             ]     Deduplicated:            0(  0.0%)     0.0B(  0.0%)
[1.341s][debug][stringdedup             ]     Skipped: 0 (dead), 0 (incomplete), 0 (shared)
[1.341s][debug][stringdedup             ]   Total Process: 9/6.178ms, Idle: 9/1309.970ms, Blocked: 0/0.000ms
[1.341s][debug][stringdedup             ]   Total Resize Table: 1/0.603ms
[1.341s][debug][stringdedup             ]     Inspected:           24907
[1.341s][debug][stringdedup             ]       Known:             10445( 41.9%)
[1.341s][debug][stringdedup             ]       Shared:                0(  0.0%)
[1.341s][debug][stringdedup             ]       New:               14462( 58.1%)   764.0K
[1.341s][debug][stringdedup             ]       Replaced:            659(  4.6%)
[1.342s][debug][stringdedup             ]       Deleted:               0(  0.0%)
[1.342s][debug][stringdedup             ]     Deduplicated:         3377( 13.6%)   146.0K( 19.1%)
[1.342s][debug][stringdedup             ]     Skipped: 56 (dead), 0 (incomplete), 0 (shared)
[1.342s][debug][stringdedup             ] Table: 14462 values in 1009 buckets, 0 dead (1)
[1.342s][debug][stringdedup,phases,start] Idle start
[1.531s][info ][gc                      ] GC(3) Pause Young (Concurrent Start) (Metadata GC Threshold) 26M->11M(512M) 2.083ms
[1.531s][info ][gc                      ] GC(4) Concurrent Mark Cycle
[1.538s][info ][gc                      ] GC(4) Pause Remark 13M->13M(68M) 1.345ms
[1.538s][debug][stringdedup,phases      ] Idle end: 196.757ms
[1.538s][debug][stringdedup,phases,start] Concurrent start
[1.538s][debug][stringdedup,phases,start] Process start
[1.538s][debug][stringdedup,phases      ] Process paused
[1.538s][debug][stringdedup,phases,start] Resize Table: 1009 -> 3001 (14454)
[1.540s][debug][stringdedup,phases      ] Resize Table end: 1.444ms
[1.540s][debug][stringdedup,phases      ] Process resume
[1.540s][info ][gc                      ] GC(4) Pause Cleanup 13M->13M(68M) 0.051ms
[1.541s][info ][gc                      ] GC(4) Concurrent Mark Cycle 9.566ms
[1.541s][debug][stringdedup,phases      ] Process end: 1.159ms
[1.541s][debug][stringdedup,phases      ] Concurrent end: 2.828ms
[1.541s][info ][stringdedup             ] Concurrent String Deduplication 1840/113.0K (new), 1251/72336.0B (deduped), avg 24.7%, 1.159ms of 2.828ms
[1.541s][debug][stringdedup             ]   Last Process: 1/1.159ms, Idle: 1/196.757ms, Blocked: 1/0.155ms
[1.541s][debug][stringdedup             ]   Last Resize Table: 1/1.444ms
[1.541s][debug][stringdedup             ]     Inspected:            5014
[1.541s][debug][stringdedup             ]       Known:              3174( 63.3%)
[1.541s][debug][stringdedup             ]       Shared:                0(  0.0%)
[1.541s][debug][stringdedup             ]       New:                1840( 36.7%)   113.0K
[1.541s][debug][stringdedup             ]       Replaced:             28(  1.5%)
[1.541s][debug][stringdedup             ]       Deleted:               8(  0.4%)
[1.541s][debug][stringdedup             ]     Deduplicated:         1251( 25.0%) 72336.0B( 62.5%)
[1.541s][debug][stringdedup             ]     Skipped: 4 (dead), 0 (incomplete), 0 (shared)
[1.541s][debug][stringdedup             ]   Total Process: 10/7.338ms, Idle: 10/1506.728ms, Blocked: 1/0.155ms
[1.541s][debug][stringdedup             ]   Total Resize Table: 2/2.047ms
[1.541s][debug][stringdedup             ]     Inspected:           29921
[1.541s][debug][stringdedup             ]       Known:             13619( 45.5%)
[1.541s][debug][stringdedup             ]       Shared:                0(  0.0%)
[1.541s][debug][stringdedup             ]       New:               16302( 54.5%)   877.0K
[1.541s][debug][stringdedup             ]       Replaced:            687(  4.2%)
[1.541s][debug][stringdedup             ]       Deleted:               8(  0.0%)
[1.541s][debug][stringdedup             ]     Deduplicated:         4628( 15.5%)   216.7K( 24.7%)
[1.541s][debug][stringdedup             ]     Skipped: 60 (dead), 0 (incomplete), 0 (shared)
[1.541s][debug][stringdedup             ] Table: 16294 values in 3001 buckets, 0 dead (2)
[1.541s][debug][stringdedup,phases,start] Idle start
[1.541s][debug][stringdedup,phases      ] Idle end: 0.002ms
[1.541s][debug][stringdedup,phases,start] Concurrent start
[1.541s][debug][stringdedup,phases,start] Process start
[1.541s][debug][stringdedup,phases      ] Process end: 0.011ms
[1.541s][debug][stringdedup,phases      ] Concurrent end: 0.022ms
[1.541s][info ][stringdedup             ] Concurrent String Deduplication 46/2136.0B (new), 0/0.0B (deduped), avg 24.6%, 0.011ms of 0.022ms
[1.541s][debug][stringdedup             ]   Last Process: 1/0.011ms, Idle: 1/0.002ms, Blocked: 0/0.000ms
[1.541s][debug][stringdedup             ]     Inspected:              46
[1.541s][debug][stringdedup             ]       Known:                 0(  0.0%)
[1.541s][debug][stringdedup             ]       Shared:                0(  0.0%)
[1.541s][debug][stringdedup             ]       New:                  46(100.0%)  2136.0B
[1.541s][debug][stringdedup             ]       Replaced:              0(  0.0%)
[1.541s][debug][stringdedup             ]       Deleted:               0(  0.0%)
[1.541s][debug][stringdedup             ]     Deduplicated:            0(  0.0%)     0.0B(  0.0%)
[1.541s][debug][stringdedup             ]     Skipped: 0 (dead), 0 (incomplete), 0 (shared)
[1.541s][debug][stringdedup             ]   Total Process: 11/7.349ms, Idle: 11/1506.729ms, Blocked: 1/0.155ms
[1.541s][debug][stringdedup             ]   Total Resize Table: 2/2.047ms
[1.541s][debug][stringdedup             ]     Inspected:           29967
[1.541s][debug][stringdedup             ]       Known:             13619( 45.4%)
[1.541s][debug][stringdedup             ]       Shared:                0(  0.0%)
[1.541s][debug][stringdedup             ]       New:               16348( 54.6%)   879.1K
[1.541s][debug][stringdedup             ]       Replaced:            687(  4.2%)
[1.541s][debug][stringdedup             ]       Deleted:               8(  0.0%)
[1.541s][debug][stringdedup             ]     Deduplicated:         4628( 15.4%)   216.7K( 24.6%)
[1.541s][debug][stringdedup             ]     Skipped: 60 (dead), 0 (incomplete), 0 (shared)
[1.541s][debug][stringdedup             ] Table: 16340 values in 3001 buckets, 0 dead (2)
[1.541s][debug][stringdedup,phases,start] Idle start
[3.286s][info ][gc                      ] GC(5) Pause Young (Prepare Mixed) (G1 Evacuation Pause) 43M->14M(68M) 4.613ms
[3.349s][info ][gc                      ] GC(6) Pause Young (Mixed) (G1 Evacuation Pause) 18M->15M(68M) 5.935ms
[3.349s][debug][stringdedup,phases      ] Idle end: 1807.975ms
[3.349s][debug][stringdedup,phases,start] Concurrent start
[3.349s][debug][stringdedup,phases,start] Process start
[3.353s][debug][stringdedup,phases      ] Process end: 3.552ms
[3.353s][debug][stringdedup,phases      ] Concurrent end: 3.597ms
[3.353s][info ][stringdedup             ] Concurrent String Deduplication 6542/448.8K (new), 4879/275.1K (deduped), avg 37.0%, 3.552ms of 3.597ms
[3.353s][debug][stringdedup             ]   Last Process: 1/3.552ms, Idle: 1/1807.975ms, Blocked: 0/0.000ms
[3.353s][debug][stringdedup             ]     Inspected:           15349
[3.353s][debug][stringdedup             ]       Known:              8807( 57.4%)
[3.353s][debug][stringdedup             ]       Shared:                0(  0.0%)
[3.353s][debug][stringdedup             ]       New:                6542( 42.6%)   448.8K
[3.353s][debug][stringdedup             ]       Replaced:             39(  0.6%)
[3.353s][debug][stringdedup             ]       Deleted:               0(  0.0%)
[3.353s][debug][stringdedup             ]     Deduplicated:         4879( 31.8%)   275.1K( 61.3%)
[3.353s][debug][stringdedup             ]     Skipped: 32 (dead), 0 (incomplete), 0 (shared)
[3.353s][debug][stringdedup             ]   Total Process: 12/10.901ms, Idle: 12/3314.705ms, Blocked: 1/0.155ms
[3.353s][debug][stringdedup             ]   Total Resize Table: 2/2.047ms
[3.353s][debug][stringdedup             ]     Inspected:           45316
[3.353s][debug][stringdedup             ]       Known:             22426( 49.5%)
[3.353s][debug][stringdedup             ]       Shared:                0(  0.0%)
[3.353s][debug][stringdedup             ]       New:               22890( 50.5%)  1327.9K
[3.353s][debug][stringdedup             ]       Replaced:            726(  3.2%)
[3.353s][debug][stringdedup             ]       Deleted:               8(  0.0%)
[3.353s][debug][stringdedup             ]     Deduplicated:         9507( 21.0%)   491.7K( 37.0%)
[3.353s][debug][stringdedup             ]     Skipped: 92 (dead), 0 (incomplete), 0 (shared)
[3.353s][debug][stringdedup             ] Table: 22882 values in 3001 buckets, 1 dead (0)
[3.353s][debug][stringdedup,phases,start] Idle start
[3.353s][debug][stringdedup,phases      ] Idle end: 0.004ms
[3.353s][debug][stringdedup,phases,start] Concurrent start
[3.353s][debug][stringdedup,phases,start] Process start
[3.357s][debug][stringdedup,phases      ] Process end: 3.591ms
[3.357s][debug][stringdedup,phases      ] Concurrent end: 3.653ms
[3.357s][info ][stringdedup             ] Concurrent String Deduplication 5372/320.7K (new), 2850/166.8K (deduped), avg 39.9%, 3.591ms of 3.653ms
[3.357s][debug][stringdedup             ]   Last Process: 1/3.591ms, Idle: 1/0.004ms, Blocked: 0/0.000ms
[3.357s][debug][stringdedup             ]     Inspected:           14705
[3.357s][debug][stringdedup             ]       Known:              9333( 63.5%)
[3.357s][debug][stringdedup             ]       Shared:                0(  0.0%)
[3.357s][debug][stringdedup             ]       New:                5372( 36.5%)   320.7K
[3.357s][debug][stringdedup             ]       Replaced:              0(  0.0%)
[3.357s][debug][stringdedup             ]       Deleted:               0(  0.0%)
[3.357s][debug][stringdedup             ]     Deduplicated:         2850( 19.4%)   166.8K( 52.0%)
[3.357s][debug][stringdedup             ]     Skipped: 0 (dead), 0 (incomplete), 0 (shared)
[3.357s][debug][stringdedup             ]   Total Process: 13/14.492ms, Idle: 13/3314.709ms, Blocked: 1/0.155ms
[3.357s][debug][stringdedup             ]   Total Resize Table: 2/2.047ms
[3.357s][debug][stringdedup             ]     Inspected:           60021
[3.357s][debug][stringdedup             ]       Known:             31759( 52.9%)
[3.357s][debug][stringdedup             ]       Shared:                0(  0.0%)
[3.357s][debug][stringdedup             ]       New:               28262( 47.1%)  1648.7K
[3.357s][debug][stringdedup             ]       Replaced:            726(  2.6%)
[3.357s][debug][stringdedup             ]       Deleted:               8(  0.0%)
[3.357s][debug][stringdedup             ]     Deduplicated:        12357( 20.6%)   658.6K( 39.9%)
[3.357s][debug][stringdedup             ]     Skipped: 92 (dead), 0 (incomplete), 0 (shared)
[3.357s][debug][stringdedup             ] Table: 28254 values in 3001 buckets, 1 dead (0)
[3.357s][debug][stringdedup,phases,start] Idle start
[3.357s][debug][stringdedup,phases      ] Idle end: 0.003ms
[3.357s][debug][stringdedup,phases,start] Concurrent start
[3.357s][debug][stringdedup,phases,start] Process start
[3.357s][debug][stringdedup,phases      ] Process end: 0.020ms
[3.357s][debug][stringdedup,phases      ] Concurrent end: 0.034ms
[3.357s][info ][stringdedup             ] Concurrent String Deduplication 15/824.0B (new), 0/0.0B (deduped), avg 39.9%, 0.020ms of 0.034ms
[3.357s][debug][stringdedup             ]   Last Process: 1/0.020ms, Idle: 1/0.003ms, Blocked: 0/0.000ms
[3.357s][debug][stringdedup             ]     Inspected:              15
[3.357s][debug][stringdedup             ]       Known:                 0(  0.0%)
[3.357s][debug][stringdedup             ]       Shared:                0(  0.0%)
[3.357s][debug][stringdedup             ]       New:                  15(100.0%)   824.0B
[3.357s][debug][stringdedup             ]       Replaced:              0(  0.0%)
[3.357s][debug][stringdedup             ]       Deleted:               0(  0.0%)
[3.357s][debug][stringdedup             ]     Deduplicated:            0(  0.0%)     0.0B(  0.0%)
[3.357s][debug][stringdedup             ]     Skipped: 0 (dead), 0 (incomplete), 0 (shared)
[3.357s][debug][stringdedup             ]   Total Process: 14/14.512ms, Idle: 14/3314.712ms, Blocked: 1/0.155ms
[3.357s][debug][stringdedup             ]   Total Resize Table: 2/2.047ms
[3.357s][debug][stringdedup             ]     Inspected:           60036
[3.357s][debug][stringdedup             ]       Known:             31759( 52.9%)
[3.357s][debug][stringdedup             ]       Shared:                0(  0.0%)
[3.357s][debug][stringdedup             ]       New:               28277( 47.1%)  1649.5K
[3.357s][debug][stringdedup             ]       Replaced:            726(  2.6%)
[3.357s][debug][stringdedup             ]       Deleted:               8(  0.0%)
[3.357s][debug][stringdedup             ]     Deduplicated:        12357( 20.6%)   658.6K( 39.9%)
[3.357s][debug][stringdedup             ]     Skipped: 92 (dead), 0 (incomplete), 0 (shared)
[3.357s][debug][stringdedup             ] Table: 28269 values in 3001 buckets, 1 dead (0)
[3.357s][debug][stringdedup,phases,start] Idle start
[3.786s][info ][gc                      ] GC(7) Pause Young (Concurrent Start) (Metadata GC Threshold) 39M->15M(68M) 1.788ms
[3.786s][info ][gc                      ] GC(8) Concurrent Mark Cycle
[3.786s][debug][stringdedup,phases      ] Idle end: 428.433ms
[3.786s][debug][stringdedup,phases,start] Concurrent start
[3.786s][debug][stringdedup,phases,start] Process start
[3.787s][debug][stringdedup,phases      ] Process end: 0.919ms
[3.787s][debug][stringdedup,phases      ] Concurrent end: 0.949ms
[3.787s][info ][stringdedup             ] Concurrent String Deduplication 2635/166.7K (new), 0/0.0B (deduped), avg 36.3%, 0.919ms of 0.949ms
[3.787s][debug][stringdedup             ]   Last Process: 1/0.919ms, Idle: 1/428.433ms, Blocked: 0/0.000ms
[3.787s][debug][stringdedup             ]     Inspected:            2660
[3.787s][debug][stringdedup             ]       Known:                25(  0.9%)
[3.787s][debug][stringdedup             ]       Shared:                0(  0.0%)
[3.787s][debug][stringdedup             ]       New:                2635( 99.1%)   166.7K
[3.787s][debug][stringdedup             ]       Replaced:             25(  0.9%)
[3.787s][debug][stringdedup             ]       Deleted:               0(  0.0%)
[3.787s][debug][stringdedup             ]     Deduplicated:            0(  0.0%)     0.0B(  0.0%)
[3.787s][debug][stringdedup             ]     Skipped: 3 (dead), 0 (incomplete), 0 (shared)
[3.787s][debug][stringdedup             ]   Total Process: 15/15.431ms, Idle: 15/3743.145ms, Blocked: 1/0.155ms
[3.787s][debug][stringdedup             ]   Total Resize Table: 2/2.047ms
[3.787s][debug][stringdedup             ]     Inspected:           62696
[3.787s][debug][stringdedup             ]       Known:             31784( 50.7%)
[3.787s][debug][stringdedup             ]       Shared:                0(  0.0%)
[3.787s][debug][stringdedup             ]       New:               30912( 49.3%)  1816.1K
[3.787s][debug][stringdedup             ]       Replaced:            751(  2.4%)
[3.787s][debug][stringdedup             ]       Deleted:               8(  0.0%)
[3.787s][debug][stringdedup             ]     Deduplicated:        12357( 19.7%)   658.6K( 36.3%)
[3.787s][debug][stringdedup             ]     Skipped: 95 (dead), 0 (incomplete), 0 (shared)
[3.787s][debug][stringdedup             ] Table: 30904 values in 3001 buckets, 2 dead (0)
[3.787s][debug][stringdedup,phases,start] Idle start
[3.787s][debug][stringdedup,phases      ] Idle end: 0.002ms
[3.787s][debug][stringdedup,phases,start] Concurrent start
[3.787s][debug][stringdedup,phases,start] Process start
[3.787s][debug][stringdedup,phases      ] Process end: 0.005ms
[3.787s][debug][stringdedup,phases      ] Concurrent end: 0.211ms
[3.787s][info ][stringdedup             ] Concurrent String Deduplication 3/192.0B (new), 0/0.0B (deduped), avg 36.3%, 0.005ms of 0.211ms
[3.787s][debug][stringdedup             ]   Last Process: 1/0.005ms, Idle: 1/0.002ms, Blocked: 0/0.000ms
[3.787s][debug][stringdedup             ]     Inspected:               3
[3.787s][debug][stringdedup             ]       Known:                 0(  0.0%)
[3.787s][debug][stringdedup             ]       Shared:                0(  0.0%)
[3.787s][debug][stringdedup             ]       New:                   3(100.0%)   192.0B
[3.787s][debug][stringdedup             ]       Replaced:              0(  0.0%)
[3.787s][debug][stringdedup             ]       Deleted:               0(  0.0%)
[3.787s][debug][stringdedup             ]     Deduplicated:            0(  0.0%)     0.0B(  0.0%)
[3.787s][debug][stringdedup             ]     Skipped: 0 (dead), 0 (incomplete), 0 (shared)
[3.787s][debug][stringdedup             ]   Total Process: 16/15.437ms, Idle: 16/3743.147ms, Blocked: 1/0.155ms
[3.787s][debug][stringdedup             ]   Total Resize Table: 2/2.047ms
[3.787s][debug][stringdedup             ]     Inspected:           62699
[3.787s][debug][stringdedup             ]       Known:             31784( 50.7%)
[3.787s][debug][stringdedup             ]       Shared:                0(  0.0%)
[3.787s][debug][stringdedup             ]       New:               30915( 49.3%)  1816.3K
[3.787s][debug][stringdedup             ]       Replaced:            751(  2.4%)
[3.787s][debug][stringdedup             ]       Deleted:               8(  0.0%)
[3.787s][debug][stringdedup             ]     Deduplicated:        12357( 19.7%)   658.6K( 36.3%)
[3.787s][debug][stringdedup             ]     Skipped: 95 (dead), 0 (incomplete), 0 (shared)
[3.787s][debug][stringdedup             ] Table: 30907 values in 3001 buckets, 2 dead (0)
[3.787s][debug][stringdedup,phases,start] Idle start
[3.795s][info ][gc                      ] GC(8) Pause Remark 15M->15M(68M) 2.009ms
[3.795s][debug][stringdedup,phases      ] Idle end: 7.725ms
[3.795s][debug][stringdedup,phases,start] Concurrent start
[3.795s][debug][stringdedup,phases,start] Process start
[3.795s][debug][stringdedup,phases      ] Process end: 0.022ms
[3.795s][debug][stringdedup,phases      ] Concurrent end: 0.095ms
[3.795s][info ][stringdedup             ] Concurrent String Deduplication 26/1664.0B (new), 0/0.0B (deduped), avg 36.2%, 0.022ms of 0.095ms
[3.795s][debug][stringdedup             ]   Last Process: 1/0.022ms, Idle: 1/7.725ms, Blocked: 0/0.000ms
[3.795s][debug][stringdedup             ]     Inspected:              27
[3.795s][debug][stringdedup             ]       Known:                 1(  3.7%)
[3.795s][debug][stringdedup             ]       Shared:                0(  0.0%)
[3.795s][debug][stringdedup             ]       New:                  26( 96.3%)  1664.0B
[3.795s][debug][stringdedup             ]       Replaced:              1(  3.8%)
[3.795s][debug][stringdedup             ]       Deleted:               0(  0.0%)
[3.795s][debug][stringdedup             ]     Deduplicated:            0(  0.0%)     0.0B(  0.0%)
[3.795s][debug][stringdedup             ]     Skipped: 0 (dead), 0 (incomplete), 0 (shared)
[3.795s][debug][stringdedup             ]   Total Process: 17/15.459ms, Idle: 17/3750.872ms, Blocked: 1/0.155ms
[3.795s][debug][stringdedup             ]   Total Resize Table: 2/2.047ms
[3.795s][debug][stringdedup             ]     Inspected:           62726
[3.795s][debug][stringdedup             ]       Known:             31785( 50.7%)
[3.795s][debug][stringdedup             ]       Shared:                0(  0.0%)
[3.795s][debug][stringdedup             ]       New:               30941( 49.3%)  1818.0K
[3.795s][debug][stringdedup             ]       Replaced:            752(  2.4%)
[3.795s][debug][stringdedup             ]       Deleted:               8(  0.0%)
[3.795s][debug][stringdedup             ]     Deduplicated:        12357( 19.7%)   658.6K( 36.2%)
[3.795s][debug][stringdedup             ]     Skipped: 95 (dead), 0 (incomplete), 0 (shared)
[3.795s][debug][stringdedup             ] Table: 30933 values in 3001 buckets, 67 dead (0)
[3.795s][debug][stringdedup,phases,start] Idle start
[3.798s][info ][gc                      ] GC(8) Pause Cleanup 15M->15M(68M) 0.046ms
[3.798s][info ][gc                      ] GC(8) Concurrent Mark Cycle 12.301ms
[4.201s][info ][gc                      ] GC(9) Pause Young (Normal) (G1 Evacuation Pause) 43M->16M(68M) 1.516ms
[4.553s][info ][gc                      ] GC(10) Pause Young (Normal) (G1 Evacuation Pause) 44M->18M(68M) 2.432ms
[4.553s][debug][stringdedup,phases      ] Idle end: 758.070ms
[4.553s][debug][stringdedup,phases,start] Concurrent start
[4.553s][debug][stringdedup,phases,start] Process start
[4.554s][debug][stringdedup,phases      ] Process end: 0.910ms
[4.554s][debug][stringdedup,phases      ] Concurrent end: 0.947ms
[4.554s][info ][stringdedup             ] Concurrent String Deduplication 2757/150.7K (new), 190/10096.0B (deduped), avg 34.0%, 0.910ms of 0.947ms
[4.554s][debug][stringdedup             ]   Last Process: 1/0.910ms, Idle: 1/758.070ms, Blocked: 0/0.000ms
[4.554s][debug][stringdedup             ]     Inspected:            3508
[4.554s][debug][stringdedup             ]       Known:               751( 21.4%)
[4.554s][debug][stringdedup             ]       Shared:                0(  0.0%)
[4.554s][debug][stringdedup             ]       New:                2757( 78.6%)   150.7K
[4.554s][debug][stringdedup             ]       Replaced:             10(  0.4%)
[4.555s][debug][stringdedup             ]       Deleted:               0(  0.0%)
[4.555s][debug][stringdedup             ]     Deduplicated:          190(  5.4%) 10096.0B(  6.5%)
[4.555s][debug][stringdedup             ]     Skipped: 7 (dead), 0 (incomplete), 0 (shared)
[4.555s][debug][stringdedup             ]   Total Process: 18/16.368ms, Idle: 18/4508.943ms, Blocked: 1/0.155ms
[4.555s][debug][stringdedup             ]   Total Resize Table: 2/2.047ms
[4.555s][debug][stringdedup             ]     Inspected:           66234
[4.555s][debug][stringdedup             ]       Known:             32536( 49.1%)
[4.555s][debug][stringdedup             ]       Shared:                0(  0.0%)
[4.555s][debug][stringdedup             ]       New:               33698( 50.9%)  1968.6K
[4.555s][debug][stringdedup             ]       Replaced:            762(  2.3%)
[4.555s][debug][stringdedup             ]       Deleted:               8(  0.0%)
[4.555s][debug][stringdedup             ]     Deduplicated:        12547( 18.9%)   668.4K( 34.0%)
[4.555s][debug][stringdedup             ]     Skipped: 102 (dead), 0 (incomplete), 0 (shared)
[4.555s][debug][stringdedup             ] Table: 33690 values in 3001 buckets, 67 dead (0)
[4.555s][debug][stringdedup,phases,start] Idle start
[4.555s][debug][stringdedup,phases      ] Idle end: 0.003ms
[4.555s][debug][stringdedup,phases,start] Concurrent start
[4.555s][debug][stringdedup,phases,start] Process start
[4.556s][debug][stringdedup,phases      ] Process end: 1.461ms
[4.556s][debug][stringdedup,phases      ] Concurrent end: 1.485ms
[4.556s][info ][stringdedup             ] Concurrent String Deduplication 3649/197.9K (new), 1879/113.0K (deduped), avg 36.1%, 1.461ms of 1.485ms
[4.556s][debug][stringdedup             ]   Last Process: 1/1.461ms, Idle: 1/0.003ms, Blocked: 0/0.000ms
[4.556s][debug][stringdedup             ]     Inspected:            8251
[4.556s][debug][stringdedup             ]       Known:              4602( 55.8%)
[4.556s][debug][stringdedup             ]       Shared:                0(  0.0%)
[4.556s][debug][stringdedup             ]       New:                3649( 44.2%)   197.9K
[4.556s][debug][stringdedup             ]       Replaced:             38(  1.0%)
[4.556s][debug][stringdedup             ]       Deleted:               0(  0.0%)
[4.556s][debug][stringdedup             ]     Deduplicated:         1879( 22.8%)   113.0K( 57.1%)
[4.556s][debug][stringdedup             ]     Skipped: 12 (dead), 0 (incomplete), 0 (shared)
[4.556s][debug][stringdedup             ]   Total Process: 19/17.829ms, Idle: 19/4508.946ms, Blocked: 1/0.155ms
[4.556s][debug][stringdedup             ]   Total Resize Table: 2/2.047ms
[4.556s][debug][stringdedup             ]     Inspected:           74485
[4.556s][debug][stringdedup             ]       Known:             37138( 49.9%)
[4.556s][debug][stringdedup             ]       Shared:                0(  0.0%)
[4.556s][debug][stringdedup             ]       New:               37347( 50.1%)  2166.5K
[4.556s][debug][stringdedup             ]       Replaced:            800(  2.1%)
[4.556s][debug][stringdedup             ]       Deleted:               8(  0.0%)
[4.556s][debug][stringdedup             ]     Deduplicated:        14426( 19.4%)   781.4K( 36.1%)
[4.556s][debug][stringdedup             ]     Skipped: 114 (dead), 0 (incomplete), 0 (shared)
[4.556s][debug][stringdedup             ] Table: 37339 values in 3001 buckets, 67 dead (0)
[4.556s][debug][stringdedup,phases,start] Idle start
[4.556s][debug][stringdedup,phases      ] Idle end: 0.002ms
[4.556s][debug][stringdedup,phases,start] Concurrent start
[4.556s][debug][stringdedup,phases,start] Process start
[4.556s][debug][stringdedup,phases      ] Process end: 0.002ms
[4.556s][debug][stringdedup,phases      ] Concurrent end: 0.012ms
[4.556s][info ][stringdedup             ] Concurrent String Deduplication 7/328.0B (new), 0/0.0B (deduped), avg 36.1%, 0.002ms of 0.012ms
[4.556s][debug][stringdedup             ]   Last Process: 1/0.002ms, Idle: 1/0.002ms, Blocked: 0/0.000ms
[4.556s][debug][stringdedup             ]     Inspected:               7
[4.556s][debug][stringdedup             ]       Known:                 0(  0.0%)
[4.556s][debug][stringdedup             ]       Shared:                0(  0.0%)
[4.556s][debug][stringdedup             ]       New:                   7(100.0%)   328.0B
[4.556s][debug][stringdedup             ]       Replaced:              0(  0.0%)
[4.556s][debug][stringdedup             ]       Deleted:               0(  0.0%)
[4.556s][debug][stringdedup             ]     Deduplicated:            0(  0.0%)     0.0B(  0.0%)
[4.556s][debug][stringdedup             ]     Skipped: 0 (dead), 0 (incomplete), 0 (shared)
[4.556s][debug][stringdedup             ]   Total Process: 20/17.831ms, Idle: 20/4508.948ms, Blocked: 1/0.155ms
[4.556s][debug][stringdedup             ]   Total Resize Table: 2/2.047ms
[4.556s][debug][stringdedup             ]     Inspected:           74492
[4.556s][debug][stringdedup             ]       Known:             37138( 49.9%)
[4.556s][debug][stringdedup             ]       Shared:                0(  0.0%)
[4.556s][debug][stringdedup             ]       New:               37354( 50.1%)  2166.8K
[4.556s][debug][stringdedup             ]       Replaced:            800(  2.1%)
[4.556s][debug][stringdedup             ]       Deleted:               8(  0.0%)
[4.556s][debug][stringdedup             ]     Deduplicated:        14426( 19.4%)   781.4K( 36.1%)
[4.556s][debug][stringdedup             ]     Skipped: 114 (dead), 0 (incomplete), 0 (shared)
[4.556s][debug][stringdedup             ] Table: 37346 values in 3001 buckets, 67 dead (0)
[4.556s][debug][stringdedup,phases,start] Idle start
[4.556s][debug][stringdedup,phases      ] Idle end: 0.000ms
[4.556s][debug][stringdedup,phases,start] Concurrent start
[4.556s][debug][stringdedup,phases,start] Process start
[4.556s][debug][stringdedup,phases      ] Process end: 0.002ms
[4.556s][debug][stringdedup,phases      ] Concurrent end: 0.012ms
[4.556s][info ][stringdedup             ] Concurrent String Deduplication 0/0.0B (new), 0/0.0B (deduped), avg 36.1%, 0.002ms of 0.012ms
[4.556s][debug][stringdedup             ]   Last Process: 1/0.002ms, Idle: 1/0.000ms, Blocked: 0/0.000ms
[4.556s][debug][stringdedup             ]     Inspected:               1
[4.556s][debug][stringdedup             ]       Known:                 1(100.0%)
[4.556s][debug][stringdedup             ]       Shared:                0(  0.0%)
[4.556s][debug][stringdedup             ]       New:                   0(  0.0%)     0.0B
[4.556s][debug][stringdedup             ]       Replaced:              1(  0.0%)
[4.556s][debug][stringdedup             ]       Deleted:               0(  0.0%)
[4.556s][debug][stringdedup             ]     Deduplicated:            0(  0.0%)     0.0B(  0.0%)
[4.556s][debug][stringdedup             ]     Skipped: 0 (dead), 0 (incomplete), 0 (shared)
[4.556s][debug][stringdedup             ]   Total Process: 21/17.834ms, Idle: 21/4508.948ms, Blocked: 1/0.155ms
[4.556s][debug][stringdedup             ]   Total Resize Table: 2/2.047ms
[4.556s][debug][stringdedup             ]     Inspected:           74493
[4.556s][debug][stringdedup             ]       Known:             37139( 49.9%)
[4.556s][debug][stringdedup             ]       Shared:                0(  0.0%)
[4.557s][debug][stringdedup             ]       New:               37354( 50.1%)  2166.8K
[4.557s][debug][stringdedup             ]       Replaced:            801(  2.1%)
[4.557s][debug][stringdedup             ]       Deleted:               8(  0.0%)
[4.557s][debug][stringdedup             ]     Deduplicated:        14426( 19.4%)   781.4K( 36.1%)
[4.557s][debug][stringdedup             ]     Skipped: 114 (dead), 0 (incomplete), 0 (shared)
[4.557s][debug][stringdedup             ] Table: 37346 values in 3001 buckets, 67 dead (0)
[4.557s][debug][stringdedup,phases,start] Idle start
[2590.339s][info ][gc                      ] GC(11) Pause Young (Normal) (G1 Evacuation Pause) 50M->22M(68M) 4.312ms
[2590.339s][debug][stringdedup,phases      ] Idle end: 2585782.539ms
[2590.339s][debug][stringdedup,phases,start] Concurrent start
[2590.339s][debug][stringdedup,phases,start] Process start
[2590.342s][debug][stringdedup,phases      ] Process end: 2.893ms
[2590.342s][debug][stringdedup,phases      ] Concurrent end: 2.932ms
[2590.342s][info ][stringdedup             ] Concurrent String Deduplication 4314/235.0K (new), 1839/121.1K (deduped), avg 37.6%, 2.893ms of 2.932ms
[2590.342s][debug][stringdedup             ]   Last Process: 1/2.893ms, Idle: 1/2585782.539ms, Blocked: 0/0.000ms
[2590.342s][debug][stringdedup             ]     Inspected:            9061
[2590.342s][debug][stringdedup             ]       Known:              4747( 52.4%)
[2590.342s][debug][stringdedup             ]       Shared:                0(  0.0%)
[2590.342s][debug][stringdedup             ]       New:                4314( 47.6%)   235.0K
[2590.342s][debug][stringdedup             ]       Replaced:            133(  3.1%)
[2590.342s][debug][stringdedup             ]       Deleted:               0(  0.0%)
[2590.342s][debug][stringdedup             ]     Deduplicated:         1839( 20.3%)   121.1K( 51.5%)
[2590.342s][debug][stringdedup             ]     Skipped: 15 (dead), 0 (incomplete), 0 (shared)
[2590.342s][debug][stringdedup             ]   Total Process: 22/20.727ms, Idle: 22/2590291.487ms, Blocked: 1/0.155ms
[2590.342s][debug][stringdedup             ]   Total Resize Table: 2/2.047ms
[2590.342s][debug][stringdedup             ]     Inspected:           83554
[2590.342s][debug][stringdedup             ]       Known:             41886( 50.1%)
[2590.342s][debug][stringdedup             ]       Shared:                0(  0.0%)
[2590.342s][debug][stringdedup             ]       New:               41668( 49.9%)  2401.8K
[2590.342s][debug][stringdedup             ]       Replaced:            934(  2.2%)
[2590.342s][debug][stringdedup             ]       Deleted:               8(  0.0%)
[2590.342s][debug][stringdedup             ]     Deduplicated:        16265( 19.5%)   902.4K( 37.6%)
[2590.342s][debug][stringdedup             ]     Skipped: 129 (dead), 0 (incomplete), 0 (shared)
[2590.342s][debug][stringdedup             ] Table: 41660 values in 3001 buckets, 67 dead (0)
[2590.342s][debug][stringdedup,phases,start] Idle start
[2590.342s][debug][stringdedup,phases      ] Idle end: 0.002ms
[2590.342s][debug][stringdedup,phases,start] Concurrent start
[2590.342s][debug][stringdedup,phases,start] Process start
[2590.342s][debug][stringdedup,phases      ] Process end: 0.009ms
[2590.342s][debug][stringdedup,phases      ] Concurrent end: 0.019ms
[2590.342s][info ][stringdedup             ] Concurrent String Deduplication 25/1264.0B (new), 0/0.0B (deduped), avg 37.6%, 0.009ms of 0.019ms
[2590.342s][debug][stringdedup             ]   Last Process: 1/0.009ms, Idle: 1/0.002ms, Blocked: 0/0.000ms
[2590.342s][debug][stringdedup             ]     Inspected:              26
[2590.342s][debug][stringdedup             ]       Known:                 1(  3.8%)
[2590.342s][debug][stringdedup             ]       Shared:                0(  0.0%)
[2590.342s][debug][stringdedup             ]       New:                  25( 96.2%)  1264.0B
[2590.342s][debug][stringdedup             ]       Replaced:              1(  4.0%)
[2590.342s][debug][stringdedup             ]       Deleted:               0(  0.0%)
[2590.342s][debug][stringdedup             ]     Deduplicated:            0(  0.0%)     0.0B(  0.0%)
[2590.342s][debug][stringdedup             ]     Skipped: 0 (dead), 0 (incomplete), 0 (shared)
[2590.342s][debug][stringdedup             ]   Total Process: 23/20.736ms, Idle: 23/2590291.489ms, Blocked: 1/0.155ms
[2590.342s][debug][stringdedup             ]   Total Resize Table: 2/2.047ms
[2590.342s][debug][stringdedup             ]     Inspected:           83580
[2590.342s][debug][stringdedup             ]       Known:             41887( 50.1%)
[2590.342s][debug][stringdedup             ]       Shared:                0(  0.0%)
[2590.342s][debug][stringdedup             ]       New:               41693( 49.9%)  2403.0K
[2590.342s][debug][stringdedup             ]       Replaced:            935(  2.2%)
[2590.342s][debug][stringdedup             ]       Deleted:               8(  0.0%)
[2590.342s][debug][stringdedup             ]     Deduplicated:        16265( 19.5%)   902.4K( 37.6%)
[2590.342s][debug][stringdedup             ]     Skipped: 129 (dead), 0 (incomplete), 0 (shared)
[2590.342s][debug][stringdedup             ] Table: 41685 values in 3001 buckets, 67 dead (0)
[2590.342s][debug][stringdedup,phases,start] Idle start
[2590.342s][debug][stringdedup,phases      ] Idle end: 0.000ms
[2590.342s][debug][stringdedup,phases,start] Concurrent start
[2590.342s][debug][stringdedup,phases,start] Process start
[2590.342s][debug][stringdedup,phases      ] Process end: 0.003ms
[2590.342s][debug][stringdedup,phases      ] Concurrent end: 0.013ms
[2590.342s][info ][stringdedup             ] Concurrent String Deduplication 1/48.0B (new), 0/0.0B (deduped), avg 37.6%, 0.003ms of 0.013ms
[2590.342s][debug][stringdedup             ]   Last Process: 1/0.003ms, Idle: 1/0.000ms, Blocked: 0/0.000ms
[2590.342s][debug][stringdedup             ]     Inspected:               1
[2590.342s][debug][stringdedup             ]       Known:                 0(  0.0%)
[2590.342s][debug][stringdedup             ]       Shared:                0(  0.0%)
[2590.342s][debug][stringdedup             ]       New:                   1(100.0%)    48.0B
[2590.342s][debug][stringdedup             ]       Replaced:              0(  0.0%)
[2590.342s][debug][stringdedup             ]       Deleted:               0(  0.0%)
[2590.342s][debug][stringdedup             ]     Deduplicated:            0(  0.0%)     0.0B(  0.0%)
[2590.342s][debug][stringdedup             ]     Skipped: 0 (dead), 0 (incomplete), 0 (shared)
[2590.342s][debug][stringdedup             ]   Total Process: 24/20.739ms, Idle: 24/2590291.490ms, Blocked: 1/0.155ms
[2590.342s][debug][stringdedup             ]   Total Resize Table: 2/2.047ms
[2590.342s][debug][stringdedup             ]     Inspected:           83581
[2590.342s][debug][stringdedup             ]       Known:             41887( 50.1%)
[2590.342s][debug][stringdedup             ]       Shared:                0(  0.0%)
[2590.342s][debug][stringdedup             ]       New:               41694( 49.9%)  2403.1K
[2590.342s][debug][stringdedup             ]       Replaced:            935(  2.2%)
[2590.342s][debug][stringdedup             ]       Deleted:               8(  0.0%)
[2590.342s][debug][stringdedup             ]     Deduplicated:        16265( 19.5%)   902.4K( 37.6%)
[2590.342s][debug][stringdedup             ]     Skipped: 129 (dead), 0 (incomplete), 0 (shared)
[2590.342s][debug][stringdedup             ] Table: 41686 values in 3001 buckets, 67 dead (0)
[2590.342s][debug][stringdedup,phases,start] Idle start
[2590.342s][debug][stringdedup,phases      ] Idle end: 0.001ms
[2590.342s][debug][stringdedup,phases,start] Concurrent start
[2590.343s][debug][stringdedup,phases,start] Process start
[2590.343s][debug][stringdedup,phases      ] Process end: 0.001ms
[2590.343s][debug][stringdedup,phases      ] Concurrent end: 0.012ms
[2590.343s][info ][stringdedup             ] Concurrent String Deduplication 1/24.0B (new), 0/0.0B (deduped), avg 37.6%, 0.001ms of 0.012ms
[2590.343s][debug][stringdedup             ]   Last Process: 1/0.001ms, Idle: 1/0.001ms, Blocked: 0/0.000ms
[2590.343s][debug][stringdedup             ]     Inspected:               1
[2590.343s][debug][stringdedup             ]       Known:                 0(  0.0%)
[2590.343s][debug][stringdedup             ]       Shared:                0(  0.0%)
[2590.343s][debug][stringdedup             ]       New:                   1(100.0%)    24.0B
[2590.343s][debug][stringdedup             ]       Replaced:              0(  0.0%)
[2590.343s][debug][stringdedup             ]       Deleted:               0(  0.0%)
[2590.343s][debug][stringdedup             ]     Deduplicated:            0(  0.0%)     0.0B(  0.0%)
[2590.343s][debug][stringdedup             ]     Skipped: 0 (dead), 0 (incomplete), 0 (shared)
[2590.343s][debug][stringdedup             ]   Total Process: 25/20.740ms, Idle: 25/2590291.490ms, Blocked: 1/0.155ms
[2590.343s][debug][stringdedup             ]   Total Resize Table: 2/2.047ms
[2590.343s][debug][stringdedup             ]     Inspected:           83582
[2590.343s][debug][stringdedup             ]       Known:             41887( 50.1%)
[2590.343s][debug][stringdedup             ]       Shared:                0(  0.0%)
[2590.343s][debug][stringdedup             ]       New:               41695( 49.9%)  2403.1K
[2590.343s][debug][stringdedup             ]       Replaced:            935(  2.2%)
[2590.343s][debug][stringdedup             ]       Deleted:               8(  0.0%)
[2590.343s][debug][stringdedup             ]     Deduplicated:        16265( 19.5%)   902.4K( 37.6%)
[2590.343s][debug][stringdedup             ]     Skipped: 129 (dead), 0 (incomplete), 0 (shared)
[2590.343s][debug][stringdedup             ] Table: 41687 values in 3001 buckets, 67 dead (0)
[2590.343s][debug][stringdedup,phases,start] Idle start
[2590.343s][debug][stringdedup,phases      ] Idle end: 0.000ms
[2590.343s][debug][stringdedup,phases,start] Concurrent start
[2590.343s][debug][stringdedup,phases,start] Process start
[2590.343s][debug][stringdedup,phases      ] Process end: 0.001ms
[2590.343s][debug][stringdedup,phases      ] Concurrent end: 0.010ms
[2590.343s][info ][stringdedup             ] Concurrent String Deduplication 1/48.0B (new), 0/0.0B (deduped), avg 37.6%, 0.001ms of 0.010ms
[2590.343s][debug][stringdedup             ]   Last Process: 1/0.001ms, Idle: 1/0.000ms, Blocked: 0/0.000ms
[2590.343s][debug][stringdedup             ]     Inspected:               1
[2590.343s][debug][stringdedup             ]       Known:                 0(  0.0%)
[2590.343s][debug][stringdedup             ]       Shared:                0(  0.0%)
[2590.343s][debug][stringdedup             ]       New:                   1(100.0%)    48.0B
[2590.343s][debug][stringdedup             ]       Replaced:              0(  0.0%)
[2590.343s][debug][stringdedup             ]       Deleted:               0(  0.0%)
[2590.343s][debug][stringdedup             ]     Deduplicated:            0(  0.0%)     0.0B(  0.0%)
[2590.343s][debug][stringdedup             ]     Skipped: 0 (dead), 0 (incomplete), 0 (shared)
[2590.343s][debug][stringdedup             ]   Total Process: 26/20.741ms, Idle: 26/2590291.490ms, Blocked: 1/0.155ms
[2590.343s][debug][stringdedup             ]   Total Resize Table: 2/2.047ms
[2590.343s][debug][stringdedup             ]     Inspected:           83583
[2590.343s][debug][stringdedup             ]       Known:             41887( 50.1%)
[2590.343s][debug][stringdedup             ]       Shared:                0(  0.0%)
[2590.343s][debug][stringdedup             ]       New:               41696( 49.9%)  2403.1K
[2590.343s][debug][stringdedup             ]       Replaced:            935(  2.2%)
[2590.343s][debug][stringdedup             ]       Deleted:               8(  0.0%)
[2590.343s][debug][stringdedup             ]     Deduplicated:        16265( 19.5%)   902.4K( 37.6%)
[2590.343s][debug][stringdedup             ]     Skipped: 129 (dead), 0 (incomplete), 0 (shared)
[2590.343s][debug][stringdedup             ] Table: 41688 values in 3001 buckets, 67 dead (0)
[2590.343s][debug][stringdedup,phases,start] Idle start
[2590.793s][info ][gc                      ] GC(12) Pause Young (Concurrent Start) (Metadata GC Threshold) 32M->23M(68M) 3.750ms
[2590.793s][info ][gc                      ] GC(13) Concurrent Mark Cycle
[2590.807s][info ][gc                      ] GC(13) Pause Remark 23M->23M(68M) 2.206ms
[2590.807s][debug][stringdedup,phases      ] Idle end: 463.799ms
[2590.807s][debug][stringdedup,phases,start] Concurrent start
[2590.807s][debug][stringdedup,phases,start] Process start
[2590.807s][debug][stringdedup,phases      ] Process paused
[2590.807s][debug][stringdedup,phases,start] Resize Table: 3001 -> 6007 (42015)
[2590.810s][debug][stringdedup,phases      ] Resize Table end: 2.820ms
[2590.810s][debug][stringdedup,phases      ] Process resume
[2590.811s][debug][stringdedup,phases      ] Process end: 1.529ms
[2590.811s][debug][stringdedup,phases      ] Concurrent end: 4.450ms
[2590.811s][info ][stringdedup             ] Concurrent String Deduplication 2525/141.5K (new), 1693/110.7K (deduped), avg 39.8%, 1.529ms of 4.450ms
[2590.811s][debug][stringdedup             ]   Last Process: 1/1.529ms, Idle: 1/463.799ms, Blocked: 0/0.000ms
[2590.811s][debug][stringdedup             ]   Last Resize Table: 1/2.820ms
[2590.811s][debug][stringdedup             ]     Inspected:            7207
[2590.811s][debug][stringdedup             ]       Known:              4682( 65.0%)
[2590.811s][debug][stringdedup             ]       Shared:                0(  0.0%)
[2590.811s][debug][stringdedup             ]       New:                2525( 35.0%)   141.5K
[2590.811s][debug][stringdedup             ]       Replaced:             59(  2.3%)
[2590.811s][debug][stringdedup             ]       Deleted:             304( 12.0%)
[2590.811s][debug][stringdedup             ]     Deduplicated:         1693( 23.5%)   110.7K( 78.3%)
[2590.811s][debug][stringdedup             ]     Skipped: 4 (dead), 0 (incomplete), 0 (shared)
[2590.811s][debug][stringdedup             ]   Total Process: 27/22.270ms, Idle: 27/2590755.290ms, Blocked: 1/0.155ms
[2590.811s][debug][stringdedup             ]   Total Resize Table: 3/4.867ms
[2590.811s][debug][stringdedup             ]     Inspected:           90790
[2590.811s][debug][stringdedup             ]       Known:             46569( 51.3%)
[2590.811s][debug][stringdedup             ]       Shared:                0(  0.0%)
[2590.811s][debug][stringdedup             ]       New:               44221( 48.7%)  2544.6K
[2590.811s][debug][stringdedup             ]       Replaced:            994(  2.2%)
[2590.811s][debug][stringdedup             ]       Deleted:             312(  0.7%)
[2590.811s][debug][stringdedup             ]     Deduplicated:        17958( 19.8%)  1013.2K( 39.8%)
[2590.811s][debug][stringdedup             ]     Skipped: 133 (dead), 0 (incomplete), 0 (shared)
[2590.811s][debug][stringdedup             ] Table: 43909 values in 6007 buckets, 0 dead (2)
[2590.811s][debug][stringdedup,phases,start] Idle start
[2590.811s][info ][gc                      ] GC(13) Pause Cleanup 24M->24M(68M) 0.083ms
[2590.811s][debug][stringdedup,phases      ] Idle end: 0.144ms
[2590.811s][debug][stringdedup,phases,start] Concurrent start
[2590.811s][debug][stringdedup,phases,start] Process start
[2590.811s][debug][stringdedup,phases      ] Process end: 0.015ms
[2590.811s][debug][stringdedup,phases      ] Concurrent end: 0.028ms
[2590.811s][info ][stringdedup             ] Concurrent String Deduplication 31/1288.0B (new), 0/0.0B (deduped), avg 39.8%, 0.015ms of 0.028ms
[2590.811s][debug][stringdedup             ]   Last Process: 1/0.015ms, Idle: 1/0.144ms, Blocked: 0/0.000ms
[2590.811s][debug][stringdedup             ]     Inspected:              31
[2590.811s][debug][stringdedup             ]       Known:                 0(  0.0%)
[2590.811s][info ][gc                      ] GC(13) Concurrent Mark Cycle 18.254ms
[2590.811s][debug][stringdedup             ]       Shared:                0(  0.0%)
[2590.812s][debug][stringdedup             ]       New:                  31(100.0%)  1288.0B
[2590.812s][debug][stringdedup             ]       Replaced:              0(  0.0%)
[2590.812s][debug][stringdedup             ]       Deleted:               0(  0.0%)
[2590.812s][debug][stringdedup             ]     Deduplicated:            0(  0.0%)     0.0B(  0.0%)
[2590.812s][debug][stringdedup             ]     Skipped: 0 (dead), 0 (incomplete), 0 (shared)
[2590.812s][debug][stringdedup             ]   Total Process: 28/22.285ms, Idle: 28/2590755.434ms, Blocked: 1/0.155ms
[2590.812s][debug][stringdedup             ]   Total Resize Table: 3/4.867ms
[2590.812s][debug][stringdedup             ]     Inspected:           90821
[2590.812s][debug][stringdedup             ]       Known:             46569( 51.3%)
[2590.812s][debug][stringdedup             ]       Shared:                0(  0.0%)
[2590.812s][debug][stringdedup             ]       New:               44252( 48.7%)  2545.8K
[2590.812s][debug][stringdedup             ]       Replaced:            994(  2.2%)
[2590.812s][debug][stringdedup             ]       Deleted:             312(  0.7%)
[2590.812s][debug][stringdedup             ]     Deduplicated:        17958( 19.8%)  1013.2K( 39.8%)
[2590.812s][debug][stringdedup             ]     Skipped: 133 (dead), 0 (incomplete), 0 (shared)
[2590.812s][debug][stringdedup             ] Table: 43940 values in 6007 buckets, 0 dead (2)
[2590.812s][debug][stringdedup,phases,start] Idle start
[2596.230s][info ][gc                      ] GC(14) Pause Young (Normal) (G1 Evacuation Pause) 47M->25M(292M) 3.020ms
[2633.955s][info ][gc                      ] GC(15) Pause Young (Normal) (G1 Evacuation Pause) 197M->29M(292M) 2.988ms
[2633.955s][debug][stringdedup,phases      ] Idle end: 43143.525ms
[2633.955s][debug][stringdedup,phases,start] Concurrent start
[2633.955s][debug][stringdedup,phases,start] Process start
[2633.958s][debug][stringdedup,phases      ] Process end: 3.065ms
[2633.958s][debug][stringdedup,phases      ] Concurrent end: 3.097ms
[2633.958s][info ][stringdedup             ] Concurrent String Deduplication 3004/186.5K (new), 2737/176.1K (deduped), avg 43.5%, 3.065ms of 3.097ms
[2633.958s][debug][stringdedup             ]   Last Process: 1/3.065ms, Idle: 1/43143.525ms, Blocked: 0/0.000ms
[2633.958s][debug][stringdedup             ]     Inspected:            9888
[2633.958s][debug][stringdedup             ]       Known:              6884( 69.6%)
[2633.958s][debug][stringdedup             ]       Shared:                0(  0.0%)
[2633.958s][debug][stringdedup             ]       New:                3004( 30.4%)   186.5K
[2633.958s][debug][stringdedup             ]       Replaced:              2(  0.1%)
[2633.958s][debug][stringdedup             ]       Deleted:               0(  0.0%)
[2633.958s][debug][stringdedup             ]     Deduplicated:         2737( 27.7%)   176.1K( 94.5%)
[2633.958s][debug][stringdedup             ]     Skipped: 2 (dead), 0 (incomplete), 0 (shared)
[2633.958s][debug][stringdedup             ]   Total Process: 29/25.350ms, Idle: 29/2633898.960ms, Blocked: 1/0.155ms
[2633.958s][debug][stringdedup             ]   Total Resize Table: 3/4.867ms
[2633.958s][debug][stringdedup             ]     Inspected:          100709
[2633.958s][debug][stringdedup             ]       Known:             53453( 53.1%)
[2633.958s][debug][stringdedup             ]       Shared:                0(  0.0%)
[2633.958s][debug][stringdedup             ]       New:               47256( 46.9%)  2732.3K
[2633.958s][debug][stringdedup             ]       Replaced:            996(  2.1%)
[2633.958s][debug][stringdedup             ]       Deleted:             312(  0.7%)
[2633.958s][debug][stringdedup             ]     Deduplicated:        20695( 20.5%)  1189.3K( 43.5%)
[2633.958s][debug][stringdedup             ]     Skipped: 135 (dead), 0 (incomplete), 0 (shared)
[2633.958s][debug][stringdedup             ] Table: 46944 values in 6007 buckets, 1 dead (0)
[2633.958s][debug][stringdedup,phases,start] Idle start
[2633.958s][debug][stringdedup,phases      ] Idle end: 0.003ms
[2633.958s][debug][stringdedup,phases,start] Concurrent start
[2633.958s][debug][stringdedup,phases,start] Process start
[2633.960s][debug][stringdedup,phases      ] Process end: 1.016ms
[2633.960s][debug][stringdedup,phases      ] Concurrent end: 1.039ms
[2633.960s][info ][stringdedup             ] Concurrent String Deduplication 1129/86120.0B (new), 988/36488.0B (deduped), avg 43.5%, 1.016ms of 1.039ms
[2633.960s][debug][stringdedup             ]   Last Process: 1/1.016ms, Idle: 1/0.003ms, Blocked: 0/0.000ms
[2633.960s][debug][stringdedup             ]     Inspected:            4129
[2633.960s][debug][stringdedup             ]       Known:              3000( 72.7%)
[2633.960s][debug][stringdedup             ]       Shared:                0(  0.0%)
[2633.960s][debug][stringdedup             ]       New:                1129( 27.3%) 86120.0B
[2633.960s][debug][stringdedup             ]       Replaced:              4(  0.4%)
[2633.960s][debug][stringdedup             ]       Deleted:               0(  0.0%)
[2633.960s][debug][stringdedup             ]     Deduplicated:          988( 23.9%) 36488.0B( 42.4%)
[2633.960s][debug][stringdedup             ]     Skipped: 0 (dead), 0 (incomplete), 0 (shared)
[2633.960s][debug][stringdedup             ]   Total Process: 30/26.366ms, Idle: 30/2633898.963ms, Blocked: 1/0.155ms
[2633.960s][debug][stringdedup             ]   Total Resize Table: 3/4.867ms
[2633.960s][debug][stringdedup             ]     Inspected:          104838
[2633.960s][debug][stringdedup             ]       Known:             56453( 53.8%)
[2633.960s][debug][stringdedup             ]       Shared:                0(  0.0%)
[2633.960s][debug][stringdedup             ]       New:               48385( 46.2%)  2816.4K
[2633.960s][debug][stringdedup             ]       Replaced:           1000(  2.1%)
[2633.960s][debug][stringdedup             ]       Deleted:             312(  0.6%)
[2633.960s][debug][stringdedup             ]     Deduplicated:        21683( 20.7%)  1224.9K( 43.5%)
[2633.960s][debug][stringdedup             ]     Skipped: 135 (dead), 0 (incomplete), 0 (shared)
[2633.960s][debug][stringdedup             ] Table: 48073 values in 6007 buckets, 1 dead (0)
[2633.960s][debug][stringdedup,phases,start] Idle start
[2676.034s][info ][gc                      ] GC(16) Pause Young (Normal) (G1 Evacuation Pause) 193M->29M(292M) 3.263ms
[2710.871s][info ][gc                      ] GC(17) Pause Young (Normal) (G1 Evacuation Pause) 196M->29M(292M) 3.036ms
[2710.871s][debug][stringdedup,phases      ] Idle end: 76911.230ms
[2710.871s][debug][stringdedup,phases,start] Concurrent start
[2710.871s][debug][stringdedup,phases,start] Process start
[2710.872s][debug][stringdedup,phases      ] Process end: 1.401ms
[2710.872s][debug][stringdedup,phases      ] Concurrent end: 1.433ms
[2710.872s][info ][stringdedup             ] Concurrent String Deduplication 2621/86544.0B (new), 533/25408.0B (deduped), avg 43.1%, 1.401ms of 1.433ms
[2710.872s][debug][stringdedup             ]   Last Process: 1/1.401ms, Idle: 1/76911.230ms, Blocked: 0/0.000ms
[2710.872s][debug][stringdedup             ]     Inspected:            3966
[2710.872s][debug][stringdedup             ]       Known:              1345( 33.9%)
[2710.872s][debug][stringdedup             ]       Shared:                0(  0.0%)
[2710.872s][debug][stringdedup             ]       New:                2621( 66.1%) 86544.0B
[2710.872s][debug][stringdedup             ]       Replaced:              0(  0.0%)
[2710.872s][debug][stringdedup             ]       Deleted:               0(  0.0%)
[2710.872s][debug][stringdedup             ]     Deduplicated:          533( 13.4%) 25408.0B( 29.4%)
[2710.872s][debug][stringdedup             ]     Skipped: 2 (dead), 0 (incomplete), 0 (shared)
[2710.872s][debug][stringdedup             ]   Total Process: 31/27.767ms, Idle: 31/2710810.192ms, Blocked: 1/0.155ms
[2710.872s][debug][stringdedup             ]   Total Resize Table: 3/4.867ms
[2710.872s][debug][stringdedup             ]     Inspected:          108804
[2710.872s][debug][stringdedup             ]       Known:             57798( 53.1%)
[2710.872s][debug][stringdedup             ]       Shared:                0(  0.0%)
[2710.873s][debug][stringdedup             ]       New:               51006( 46.9%)  2901.0K
[2710.873s][debug][stringdedup             ]       Replaced:           1000(  2.0%)
[2710.873s][debug][stringdedup             ]       Deleted:             312(  0.6%)
[2710.873s][debug][stringdedup             ]     Deduplicated:        22216( 20.4%)  1249.8K( 43.1%)
[2710.873s][debug][stringdedup             ]     Skipped: 137 (dead), 0 (incomplete), 0 (shared)
[2710.873s][debug][stringdedup             ] Table: 50694 values in 6007 buckets, 1 dead (0)
[2710.873s][debug][stringdedup,phases,start] Idle start
[2710.873s][debug][stringdedup,phases      ] Idle end: 0.002ms
[2710.873s][debug][stringdedup,phases,start] Concurrent start
[2710.873s][debug][stringdedup,phases,start] Process start
[2710.874s][debug][stringdedup,phases      ] Process end: 0.928ms
[2710.874s][debug][stringdedup,phases      ] Concurrent end: 0.952ms
[2710.874s][info ][stringdedup             ] Concurrent String Deduplication 1018/73824.0B (new), 2010/153.3K (deduped), avg 47.2%, 0.928ms of 0.952ms
[2710.874s][debug][stringdedup             ]   Last Process: 1/0.928ms, Idle: 1/0.002ms, Blocked: 0/0.000ms
[2710.874s][debug][stringdedup             ]     Inspected:            3315
[2710.874s][debug][stringdedup             ]       Known:              2297( 69.3%)
[2710.874s][debug][stringdedup             ]       Shared:                0(  0.0%)
[2710.874s][debug][stringdedup             ]       New:                1018( 30.7%) 73824.0B
[2710.874s][debug][stringdedup             ]       Replaced:              9(  0.9%)
[2710.874s][debug][stringdedup             ]       Deleted:               0(  0.0%)
[2710.874s][debug][stringdedup             ]     Deduplicated:         2010( 60.6%)   153.3K(212.6%)
[2710.874s][debug][stringdedup             ]     Skipped: 0 (dead), 0 (incomplete), 0 (shared)
[2710.874s][debug][stringdedup             ]   Total Process: 32/28.695ms, Idle: 32/2710810.195ms, Blocked: 1/0.155ms
[2710.874s][debug][stringdedup             ]   Total Resize Table: 3/4.867ms
[2710.874s][debug][stringdedup             ]     Inspected:          112119
[2710.874s][debug][stringdedup             ]       Known:             60095( 53.6%)
[2710.874s][debug][stringdedup             ]       Shared:                0(  0.0%)
[2710.874s][debug][stringdedup             ]       New:               52024( 46.4%)  2973.0K
[2710.874s][debug][stringdedup             ]       Replaced:           1009(  1.9%)
[2710.874s][debug][stringdedup             ]       Deleted:             312(  0.6%)
[2710.874s][debug][stringdedup             ]     Deduplicated:        24226( 21.6%)  1403.0K( 47.2%)
[2710.874s][debug][stringdedup             ]     Skipped: 137 (dead), 0 (incomplete), 0 (shared)
[2710.874s][debug][stringdedup             ] Table: 51712 values in 6007 buckets, 1 dead (0)
[2710.874s][debug][stringdedup,phases,start] Idle start
